ARM GAS  /var/folders/0z/tsy30v1j4xl4_7kw94k978ww0000gn/T//ccsT8YD2.s 			page 1


   1              		.cpu cortex-m4
   2              		.arch armv7e-m
   3              		.fpu fpv4-sp-d16
   4              		.eabi_attribute 27, 1
   5              		.eabi_attribute 28, 1
   6              		.eabi_attribute 20, 1
   7              		.eabi_attribute 21, 1
   8              		.eabi_attribute 23, 3
   9              		.eabi_attribute 24, 1
  10              		.eabi_attribute 25, 1
  11              		.eabi_attribute 26, 1
  12              		.eabi_attribute 30, 1
  13              		.eabi_attribute 34, 1
  14              		.eabi_attribute 18, 4
  15              		.file	"main.c"
  16              		.text
  17              	.Ltext0:
  18              		.cfi_sections	.debug_frame
  19              		.section	.text.MX_GPIO_Init,"ax",%progbits
  20              		.align	1
  21              		.syntax unified
  22              		.thumb
  23              		.thumb_func
  25              	MX_GPIO_Init:
  26              	.LFB133:
  27              		.file 1 "Core/Src/main.c"
   1:Core/Src/main.c **** /**
   2:Core/Src/main.c ****  * @file main.c
   3:Core/Src/main.c ****  * @author johannes regnier
   4:Core/Src/main.c ****  * @brief user button to toggle leds, triggering interrupt, with debounce
   5:Core/Src/main.c ****  * Some help from: https://www.instructables.com/STM32CubeMX-Button-Debounce-With-Interrupt/
   6:Core/Src/main.c ****  * @version 0.1
   7:Core/Src/main.c ****  * @date 2023-10-14
   8:Core/Src/main.c ****  * 
   9:Core/Src/main.c ****  * 
  10:Core/Src/main.c ****  */
  11:Core/Src/main.c **** 
  12:Core/Src/main.c **** 
  13:Core/Src/main.c **** /* Includes ------------------------------------------------------------------*/
  14:Core/Src/main.c **** #include "main.h"
  15:Core/Src/main.c **** 
  16:Core/Src/main.c **** 
  17:Core/Src/main.c **** 
  18:Core/Src/main.c **** /* Private variables ---------------------------------------------------------*/
  19:Core/Src/main.c **** TIM_HandleTypeDef htim1;
  20:Core/Src/main.c **** 
  21:Core/Src/main.c **** 
  22:Core/Src/main.c **** 
  23:Core/Src/main.c **** /* Private function prototypes -----------------------------------------------*/
  24:Core/Src/main.c **** void SystemClock_Config(void);
  25:Core/Src/main.c **** static void MX_GPIO_Init(void);
  26:Core/Src/main.c **** static void MX_TIM1_Init(void);
  27:Core/Src/main.c **** 
  28:Core/Src/main.c **** uint8_t debounce_flag = 1;
  29:Core/Src/main.c **** 
  30:Core/Src/main.c **** 
  31:Core/Src/main.c **** int main(void)
ARM GAS  /var/folders/0z/tsy30v1j4xl4_7kw94k978ww0000gn/T//ccsT8YD2.s 			page 2


  32:Core/Src/main.c **** {
  33:Core/Src/main.c ****    /* Reset of all peripherals, Initializes the Flash interface and the Systick. */
  34:Core/Src/main.c ****     HAL_Init();
  35:Core/Src/main.c **** 
  36:Core/Src/main.c ****     /* Configure the system clock */
  37:Core/Src/main.c ****     SystemClock_Config();
  38:Core/Src/main.c **** 
  39:Core/Src/main.c ****     /* Initialize all configured peripherals */
  40:Core/Src/main.c ****     MX_GPIO_Init();
  41:Core/Src/main.c ****     MX_TIM1_Init();
  42:Core/Src/main.c **** 
  43:Core/Src/main.c ****     while (1)
  44:Core/Src/main.c ****     {
  45:Core/Src/main.c ****     }
  46:Core/Src/main.c **** }
  47:Core/Src/main.c **** 
  48:Core/Src/main.c **** /**
  49:Core/Src/main.c ****   * @brief System Clock Configuration
  50:Core/Src/main.c ****   * @retval None
  51:Core/Src/main.c ****   */
  52:Core/Src/main.c **** void SystemClock_Config(void)
  53:Core/Src/main.c **** {
  54:Core/Src/main.c ****   RCC_OscInitTypeDef RCC_OscInitStruct = {0};
  55:Core/Src/main.c ****   RCC_ClkInitTypeDef RCC_ClkInitStruct = {0};
  56:Core/Src/main.c **** 
  57:Core/Src/main.c ****   /** Configure the main internal regulator output voltage
  58:Core/Src/main.c ****   */
  59:Core/Src/main.c ****   __HAL_RCC_PWR_CLK_ENABLE();
  60:Core/Src/main.c ****   __HAL_PWR_VOLTAGESCALING_CONFIG(PWR_REGULATOR_VOLTAGE_SCALE1);
  61:Core/Src/main.c **** 
  62:Core/Src/main.c ****   /** Initializes the RCC Oscillators according to the specified parameters
  63:Core/Src/main.c ****   * in the RCC_OscInitTypeDef structure.
  64:Core/Src/main.c ****   */
  65:Core/Src/main.c ****   RCC_OscInitStruct.OscillatorType = RCC_OSCILLATORTYPE_HSE;
  66:Core/Src/main.c ****   RCC_OscInitStruct.HSEState = RCC_HSE_ON;
  67:Core/Src/main.c ****   RCC_OscInitStruct.PLL.PLLState = RCC_PLL_ON;
  68:Core/Src/main.c ****   RCC_OscInitStruct.PLL.PLLSource = RCC_PLLSOURCE_HSE;
  69:Core/Src/main.c ****   RCC_OscInitStruct.PLL.PLLM = 8;
  70:Core/Src/main.c ****   RCC_OscInitStruct.PLL.PLLN = 336;
  71:Core/Src/main.c ****   RCC_OscInitStruct.PLL.PLLP = RCC_PLLP_DIV2;
  72:Core/Src/main.c ****   RCC_OscInitStruct.PLL.PLLQ = 7;
  73:Core/Src/main.c ****   if (HAL_RCC_OscConfig(&RCC_OscInitStruct) != HAL_OK)
  74:Core/Src/main.c ****   {
  75:Core/Src/main.c ****     Error_Handler();
  76:Core/Src/main.c ****   }
  77:Core/Src/main.c **** 
  78:Core/Src/main.c ****   /** Initializes the CPU, AHB and APB buses clocks
  79:Core/Src/main.c ****   */
  80:Core/Src/main.c ****   RCC_ClkInitStruct.ClockType = RCC_CLOCKTYPE_HCLK|RCC_CLOCKTYPE_SYSCLK
  81:Core/Src/main.c ****                               |RCC_CLOCKTYPE_PCLK1|RCC_CLOCKTYPE_PCLK2;
  82:Core/Src/main.c ****   RCC_ClkInitStruct.SYSCLKSource = RCC_SYSCLKSOURCE_PLLCLK;
  83:Core/Src/main.c ****   RCC_ClkInitStruct.AHBCLKDivider = RCC_SYSCLK_DIV1;
  84:Core/Src/main.c ****   RCC_ClkInitStruct.APB1CLKDivider = RCC_HCLK_DIV4;
  85:Core/Src/main.c ****   RCC_ClkInitStruct.APB2CLKDivider = RCC_HCLK_DIV2;
  86:Core/Src/main.c **** 
  87:Core/Src/main.c ****   if (HAL_RCC_ClockConfig(&RCC_ClkInitStruct, FLASH_LATENCY_5) != HAL_OK)
  88:Core/Src/main.c ****   {
ARM GAS  /var/folders/0z/tsy30v1j4xl4_7kw94k978ww0000gn/T//ccsT8YD2.s 			page 3


  89:Core/Src/main.c ****     Error_Handler();
  90:Core/Src/main.c ****   }
  91:Core/Src/main.c **** }
  92:Core/Src/main.c **** 
  93:Core/Src/main.c **** /**
  94:Core/Src/main.c ****   * @brief TIM1 Initialization Function
  95:Core/Src/main.c ****   * @param None
  96:Core/Src/main.c ****   * @retval None
  97:Core/Src/main.c ****   */
  98:Core/Src/main.c **** static void MX_TIM1_Init(void)
  99:Core/Src/main.c **** {
 100:Core/Src/main.c **** 
 101:Core/Src/main.c ****   /* USER CODE BEGIN TIM1_Init 0 */
 102:Core/Src/main.c **** 
 103:Core/Src/main.c ****   /* USER CODE END TIM1_Init 0 */
 104:Core/Src/main.c **** 
 105:Core/Src/main.c ****   TIM_ClockConfigTypeDef sClockSourceConfig = {0};
 106:Core/Src/main.c ****   TIM_MasterConfigTypeDef sMasterConfig = {0};
 107:Core/Src/main.c **** 
 108:Core/Src/main.c ****   /* USER CODE BEGIN TIM1_Init 1 */
 109:Core/Src/main.c **** 
 110:Core/Src/main.c ****   /* USER CODE END TIM1_Init 1 */
 111:Core/Src/main.c ****   htim1.Instance = TIM1;
 112:Core/Src/main.c ****   htim1.Init.Prescaler = 65535;
 113:Core/Src/main.c ****   htim1.Init.CounterMode = TIM_COUNTERMODE_UP;
 114:Core/Src/main.c ****   htim1.Init.Period = 128;
 115:Core/Src/main.c ****   htim1.Init.ClockDivision = TIM_CLOCKDIVISION_DIV1;
 116:Core/Src/main.c ****   htim1.Init.RepetitionCounter = 0;
 117:Core/Src/main.c ****   htim1.Init.AutoReloadPreload = TIM_AUTORELOAD_PRELOAD_DISABLE;
 118:Core/Src/main.c ****   if (HAL_TIM_Base_Init(&htim1) != HAL_OK)
 119:Core/Src/main.c ****   {
 120:Core/Src/main.c ****     Error_Handler();
 121:Core/Src/main.c ****   }
 122:Core/Src/main.c ****   sClockSourceConfig.ClockSource = TIM_CLOCKSOURCE_INTERNAL;
 123:Core/Src/main.c ****   if (HAL_TIM_ConfigClockSource(&htim1, &sClockSourceConfig) != HAL_OK)
 124:Core/Src/main.c ****   {
 125:Core/Src/main.c ****     Error_Handler();
 126:Core/Src/main.c ****   }
 127:Core/Src/main.c ****   sMasterConfig.MasterOutputTrigger = TIM_TRGO_RESET;
 128:Core/Src/main.c ****   sMasterConfig.MasterSlaveMode = TIM_MASTERSLAVEMODE_DISABLE;
 129:Core/Src/main.c ****   if (HAL_TIMEx_MasterConfigSynchronization(&htim1, &sMasterConfig) != HAL_OK)
 130:Core/Src/main.c ****   {
 131:Core/Src/main.c ****     Error_Handler();
 132:Core/Src/main.c ****   }
 133:Core/Src/main.c ****   /* USER CODE BEGIN TIM1_Init 2 */
 134:Core/Src/main.c **** 
 135:Core/Src/main.c ****   /* USER CODE END TIM1_Init 2 */
 136:Core/Src/main.c **** 
 137:Core/Src/main.c **** }
 138:Core/Src/main.c **** 
 139:Core/Src/main.c **** /**
 140:Core/Src/main.c ****   * @brief GPIO Initialization Function
 141:Core/Src/main.c ****   * @param None
 142:Core/Src/main.c ****   * @retval None
 143:Core/Src/main.c ****   */
 144:Core/Src/main.c **** static void MX_GPIO_Init(void)
 145:Core/Src/main.c **** {
ARM GAS  /var/folders/0z/tsy30v1j4xl4_7kw94k978ww0000gn/T//ccsT8YD2.s 			page 4


  28              		.loc 1 145 1 view -0
  29              		.cfi_startproc
  30              		@ args = 0, pretend = 0, frame = 48
  31              		@ frame_needed = 0, uses_anonymous_args = 0
  32 0000 2DE9F04F 		push	{r4, r5, r6, r7, r8, r9, r10, fp, lr}
  33              		.cfi_def_cfa_offset 36
  34              		.cfi_offset 4, -36
  35              		.cfi_offset 5, -32
  36              		.cfi_offset 6, -28
  37              		.cfi_offset 7, -24
  38              		.cfi_offset 8, -20
  39              		.cfi_offset 9, -16
  40              		.cfi_offset 10, -12
  41              		.cfi_offset 11, -8
  42              		.cfi_offset 14, -4
  43 0004 8DB0     		sub	sp, sp, #52
  44              		.cfi_def_cfa_offset 88
 146:Core/Src/main.c ****   GPIO_InitTypeDef GPIO_InitStruct = {0};
  45              		.loc 1 146 3 view .LVU1
  46              		.loc 1 146 20 is_stmt 0 view .LVU2
  47 0006 0024     		movs	r4, #0
  48 0008 0794     		str	r4, [sp, #28]
  49 000a 0894     		str	r4, [sp, #32]
  50 000c 0994     		str	r4, [sp, #36]
  51 000e 0A94     		str	r4, [sp, #40]
  52 0010 0B94     		str	r4, [sp, #44]
 147:Core/Src/main.c **** /* USER CODE BEGIN MX_GPIO_Init_1 */
 148:Core/Src/main.c **** /* USER CODE END MX_GPIO_Init_1 */
 149:Core/Src/main.c **** 
 150:Core/Src/main.c ****   /* GPIO Ports Clock Enable */
 151:Core/Src/main.c ****   __HAL_RCC_GPIOE_CLK_ENABLE();
  53              		.loc 1 151 3 is_stmt 1 view .LVU3
  54              	.LBB4:
  55              		.loc 1 151 3 view .LVU4
  56 0012 0194     		str	r4, [sp, #4]
  57              		.loc 1 151 3 view .LVU5
  58 0014 7C4B     		ldr	r3, .L3
  59 0016 1A6B     		ldr	r2, [r3, #48]
  60 0018 42F01002 		orr	r2, r2, #16
  61 001c 1A63     		str	r2, [r3, #48]
  62              		.loc 1 151 3 view .LVU6
  63 001e 1A6B     		ldr	r2, [r3, #48]
  64 0020 02F01002 		and	r2, r2, #16
  65 0024 0192     		str	r2, [sp, #4]
  66              		.loc 1 151 3 view .LVU7
  67 0026 019A     		ldr	r2, [sp, #4]
  68              	.LBE4:
  69              		.loc 1 151 3 view .LVU8
 152:Core/Src/main.c ****   __HAL_RCC_GPIOC_CLK_ENABLE();
  70              		.loc 1 152 3 view .LVU9
  71              	.LBB5:
  72              		.loc 1 152 3 view .LVU10
  73 0028 0294     		str	r4, [sp, #8]
  74              		.loc 1 152 3 view .LVU11
  75 002a 1A6B     		ldr	r2, [r3, #48]
  76 002c 42F00402 		orr	r2, r2, #4
  77 0030 1A63     		str	r2, [r3, #48]
ARM GAS  /var/folders/0z/tsy30v1j4xl4_7kw94k978ww0000gn/T//ccsT8YD2.s 			page 5


  78              		.loc 1 152 3 view .LVU12
  79 0032 1A6B     		ldr	r2, [r3, #48]
  80 0034 02F00402 		and	r2, r2, #4
  81 0038 0292     		str	r2, [sp, #8]
  82              		.loc 1 152 3 view .LVU13
  83 003a 029A     		ldr	r2, [sp, #8]
  84              	.LBE5:
  85              		.loc 1 152 3 view .LVU14
 153:Core/Src/main.c ****   __HAL_RCC_GPIOH_CLK_ENABLE();
  86              		.loc 1 153 3 view .LVU15
  87              	.LBB6:
  88              		.loc 1 153 3 view .LVU16
  89 003c 0394     		str	r4, [sp, #12]
  90              		.loc 1 153 3 view .LVU17
  91 003e 1A6B     		ldr	r2, [r3, #48]
  92 0040 42F08002 		orr	r2, r2, #128
  93 0044 1A63     		str	r2, [r3, #48]
  94              		.loc 1 153 3 view .LVU18
  95 0046 1A6B     		ldr	r2, [r3, #48]
  96 0048 02F08002 		and	r2, r2, #128
  97 004c 0392     		str	r2, [sp, #12]
  98              		.loc 1 153 3 view .LVU19
  99 004e 039A     		ldr	r2, [sp, #12]
 100              	.LBE6:
 101              		.loc 1 153 3 view .LVU20
 154:Core/Src/main.c ****   __HAL_RCC_GPIOA_CLK_ENABLE();
 102              		.loc 1 154 3 view .LVU21
 103              	.LBB7:
 104              		.loc 1 154 3 view .LVU22
 105 0050 0494     		str	r4, [sp, #16]
 106              		.loc 1 154 3 view .LVU23
 107 0052 1A6B     		ldr	r2, [r3, #48]
 108 0054 42F00102 		orr	r2, r2, #1
 109 0058 1A63     		str	r2, [r3, #48]
 110              		.loc 1 154 3 view .LVU24
 111 005a 1A6B     		ldr	r2, [r3, #48]
 112 005c 02F00102 		and	r2, r2, #1
 113 0060 0492     		str	r2, [sp, #16]
 114              		.loc 1 154 3 view .LVU25
 115 0062 049A     		ldr	r2, [sp, #16]
 116              	.LBE7:
 117              		.loc 1 154 3 view .LVU26
 155:Core/Src/main.c ****   __HAL_RCC_GPIOB_CLK_ENABLE();
 118              		.loc 1 155 3 view .LVU27
 119              	.LBB8:
 120              		.loc 1 155 3 view .LVU28
 121 0064 0594     		str	r4, [sp, #20]
 122              		.loc 1 155 3 view .LVU29
 123 0066 1A6B     		ldr	r2, [r3, #48]
 124 0068 42F00202 		orr	r2, r2, #2
 125 006c 1A63     		str	r2, [r3, #48]
 126              		.loc 1 155 3 view .LVU30
 127 006e 1A6B     		ldr	r2, [r3, #48]
 128 0070 02F00202 		and	r2, r2, #2
 129 0074 0592     		str	r2, [sp, #20]
 130              		.loc 1 155 3 view .LVU31
 131 0076 059A     		ldr	r2, [sp, #20]
ARM GAS  /var/folders/0z/tsy30v1j4xl4_7kw94k978ww0000gn/T//ccsT8YD2.s 			page 6


 132              	.LBE8:
 133              		.loc 1 155 3 view .LVU32
 156:Core/Src/main.c ****   __HAL_RCC_GPIOD_CLK_ENABLE();
 134              		.loc 1 156 3 view .LVU33
 135              	.LBB9:
 136              		.loc 1 156 3 view .LVU34
 137 0078 0694     		str	r4, [sp, #24]
 138              		.loc 1 156 3 view .LVU35
 139 007a 1A6B     		ldr	r2, [r3, #48]
 140 007c 42F00802 		orr	r2, r2, #8
 141 0080 1A63     		str	r2, [r3, #48]
 142              		.loc 1 156 3 view .LVU36
 143 0082 1B6B     		ldr	r3, [r3, #48]
 144 0084 03F00803 		and	r3, r3, #8
 145 0088 0693     		str	r3, [sp, #24]
 146              		.loc 1 156 3 view .LVU37
 147 008a 069B     		ldr	r3, [sp, #24]
 148              	.LBE9:
 149              		.loc 1 156 3 view .LVU38
 157:Core/Src/main.c **** 
 158:Core/Src/main.c ****   /*Configure GPIO pin Output Level */
 159:Core/Src/main.c ****   HAL_GPIO_WritePin(CS_I2C_SPI_GPIO_Port, CS_I2C_SPI_Pin, GPIO_PIN_RESET);
 150              		.loc 1 159 3 view .LVU39
 151 008c 2246     		mov	r2, r4
 152 008e 0821     		movs	r1, #8
 153 0090 5E48     		ldr	r0, .L3+4
 154 0092 FFF7FEFF 		bl	HAL_GPIO_WritePin
 155              	.LVL0:
 160:Core/Src/main.c **** 
 161:Core/Src/main.c ****   /*Configure GPIO pin Output Level */
 162:Core/Src/main.c ****   HAL_GPIO_WritePin(OTG_FS_PowerSwitchOn_GPIO_Port, OTG_FS_PowerSwitchOn_Pin, GPIO_PIN_SET);
 156              		.loc 1 162 3 view .LVU40
 157 0096 DFF88091 		ldr	r9, .L3+16
 158 009a 0122     		movs	r2, #1
 159 009c 1146     		mov	r1, r2
 160 009e 4846     		mov	r0, r9
 161 00a0 FFF7FEFF 		bl	HAL_GPIO_WritePin
 162              	.LVL1:
 163:Core/Src/main.c **** 
 164:Core/Src/main.c ****   /*Configure GPIO pin Output Level */
 165:Core/Src/main.c ****   HAL_GPIO_WritePin(GPIOD, LD4_Pin|LD3_Pin|LD5_Pin|LD6_Pin
 163              		.loc 1 165 3 view .LVU41
 164 00a4 DFF874B1 		ldr	fp, .L3+20
 165 00a8 2246     		mov	r2, r4
 166 00aa 4FF21001 		movw	r1, #61456
 167 00ae 5846     		mov	r0, fp
 168 00b0 FFF7FEFF 		bl	HAL_GPIO_WritePin
 169              	.LVL2:
 166:Core/Src/main.c ****                           |Audio_RST_Pin, GPIO_PIN_RESET);
 167:Core/Src/main.c **** 
 168:Core/Src/main.c ****   /*Configure GPIO pin : CS_I2C_SPI_Pin */
 169:Core/Src/main.c ****   GPIO_InitStruct.Pin = CS_I2C_SPI_Pin;
 170              		.loc 1 169 3 view .LVU42
 171              		.loc 1 169 23 is_stmt 0 view .LVU43
 172 00b4 0825     		movs	r5, #8
 173 00b6 0795     		str	r5, [sp, #28]
 170:Core/Src/main.c ****   GPIO_InitStruct.Mode = GPIO_MODE_OUTPUT_PP;
ARM GAS  /var/folders/0z/tsy30v1j4xl4_7kw94k978ww0000gn/T//ccsT8YD2.s 			page 7


 174              		.loc 1 170 3 is_stmt 1 view .LVU44
 175              		.loc 1 170 24 is_stmt 0 view .LVU45
 176 00b8 0126     		movs	r6, #1
 177 00ba 0896     		str	r6, [sp, #32]
 171:Core/Src/main.c ****   GPIO_InitStruct.Pull = GPIO_NOPULL;
 178              		.loc 1 171 3 is_stmt 1 view .LVU46
 179              		.loc 1 171 24 is_stmt 0 view .LVU47
 180 00bc 0994     		str	r4, [sp, #36]
 172:Core/Src/main.c ****   GPIO_InitStruct.Speed = GPIO_SPEED_FREQ_LOW;
 181              		.loc 1 172 3 is_stmt 1 view .LVU48
 182              		.loc 1 172 25 is_stmt 0 view .LVU49
 183 00be 0A94     		str	r4, [sp, #40]
 173:Core/Src/main.c ****   HAL_GPIO_Init(CS_I2C_SPI_GPIO_Port, &GPIO_InitStruct);
 184              		.loc 1 173 3 is_stmt 1 view .LVU50
 185 00c0 07A9     		add	r1, sp, #28
 186 00c2 5248     		ldr	r0, .L3+4
 187 00c4 FFF7FEFF 		bl	HAL_GPIO_Init
 188              	.LVL3:
 174:Core/Src/main.c **** 
 175:Core/Src/main.c ****   /*Configure GPIO pin : OTG_FS_PowerSwitchOn_Pin */
 176:Core/Src/main.c ****   GPIO_InitStruct.Pin = OTG_FS_PowerSwitchOn_Pin;
 189              		.loc 1 176 3 view .LVU51
 190              		.loc 1 176 23 is_stmt 0 view .LVU52
 191 00c8 0796     		str	r6, [sp, #28]
 177:Core/Src/main.c ****   GPIO_InitStruct.Mode = GPIO_MODE_OUTPUT_PP;
 192              		.loc 1 177 3 is_stmt 1 view .LVU53
 193              		.loc 1 177 24 is_stmt 0 view .LVU54
 194 00ca 0896     		str	r6, [sp, #32]
 178:Core/Src/main.c ****   GPIO_InitStruct.Pull = GPIO_NOPULL;
 195              		.loc 1 178 3 is_stmt 1 view .LVU55
 196              		.loc 1 178 24 is_stmt 0 view .LVU56
 197 00cc 0994     		str	r4, [sp, #36]
 179:Core/Src/main.c ****   GPIO_InitStruct.Speed = GPIO_SPEED_FREQ_LOW;
 198              		.loc 1 179 3 is_stmt 1 view .LVU57
 199              		.loc 1 179 25 is_stmt 0 view .LVU58
 200 00ce 0A94     		str	r4, [sp, #40]
 180:Core/Src/main.c ****   HAL_GPIO_Init(OTG_FS_PowerSwitchOn_GPIO_Port, &GPIO_InitStruct);
 201              		.loc 1 180 3 is_stmt 1 view .LVU59
 202 00d0 07A9     		add	r1, sp, #28
 203 00d2 4846     		mov	r0, r9
 204 00d4 FFF7FEFF 		bl	HAL_GPIO_Init
 205              	.LVL4:
 181:Core/Src/main.c **** 
 182:Core/Src/main.c ****   /*Configure GPIO pin : PDM_OUT_Pin */
 183:Core/Src/main.c ****   GPIO_InitStruct.Pin = PDM_OUT_Pin;
 206              		.loc 1 183 3 view .LVU60
 207              		.loc 1 183 23 is_stmt 0 view .LVU61
 208 00d8 0795     		str	r5, [sp, #28]
 184:Core/Src/main.c ****   GPIO_InitStruct.Mode = GPIO_MODE_AF_PP;
 209              		.loc 1 184 3 is_stmt 1 view .LVU62
 210              		.loc 1 184 24 is_stmt 0 view .LVU63
 211 00da 0225     		movs	r5, #2
 212 00dc 0895     		str	r5, [sp, #32]
 185:Core/Src/main.c ****   GPIO_InitStruct.Pull = GPIO_NOPULL;
 213              		.loc 1 185 3 is_stmt 1 view .LVU64
 214              		.loc 1 185 24 is_stmt 0 view .LVU65
 215 00de 0994     		str	r4, [sp, #36]
ARM GAS  /var/folders/0z/tsy30v1j4xl4_7kw94k978ww0000gn/T//ccsT8YD2.s 			page 8


 186:Core/Src/main.c ****   GPIO_InitStruct.Speed = GPIO_SPEED_FREQ_LOW;
 216              		.loc 1 186 3 is_stmt 1 view .LVU66
 217              		.loc 1 186 25 is_stmt 0 view .LVU67
 218 00e0 0A94     		str	r4, [sp, #40]
 187:Core/Src/main.c ****   GPIO_InitStruct.Alternate = GPIO_AF5_SPI2;
 219              		.loc 1 187 3 is_stmt 1 view .LVU68
 220              		.loc 1 187 29 is_stmt 0 view .LVU69
 221 00e2 4FF0050A 		mov	r10, #5
 222 00e6 CDF82CA0 		str	r10, [sp, #44]
 188:Core/Src/main.c ****   HAL_GPIO_Init(PDM_OUT_GPIO_Port, &GPIO_InitStruct);
 223              		.loc 1 188 3 is_stmt 1 view .LVU70
 224 00ea 07A9     		add	r1, sp, #28
 225 00ec 4846     		mov	r0, r9
 226 00ee FFF7FEFF 		bl	HAL_GPIO_Init
 227              	.LVL5:
 189:Core/Src/main.c **** 
 190:Core/Src/main.c ****   /*Configure GPIO pin : PA0 */
 191:Core/Src/main.c ****   GPIO_InitStruct.Pin = GPIO_PIN_0;
 228              		.loc 1 191 3 view .LVU71
 229              		.loc 1 191 23 is_stmt 0 view .LVU72
 230 00f2 0796     		str	r6, [sp, #28]
 192:Core/Src/main.c ****   GPIO_InitStruct.Mode = GPIO_MODE_IT_RISING;
 231              		.loc 1 192 3 is_stmt 1 view .LVU73
 232              		.loc 1 192 24 is_stmt 0 view .LVU74
 233 00f4 4FF48813 		mov	r3, #1114112
 234 00f8 0893     		str	r3, [sp, #32]
 193:Core/Src/main.c ****   GPIO_InitStruct.Pull = GPIO_NOPULL;
 235              		.loc 1 193 3 is_stmt 1 view .LVU75
 236              		.loc 1 193 24 is_stmt 0 view .LVU76
 237 00fa 0994     		str	r4, [sp, #36]
 194:Core/Src/main.c ****   HAL_GPIO_Init(GPIOA, &GPIO_InitStruct);
 238              		.loc 1 194 3 is_stmt 1 view .LVU77
 239 00fc 444F     		ldr	r7, .L3+8
 240 00fe 07A9     		add	r1, sp, #28
 241 0100 3846     		mov	r0, r7
 242 0102 FFF7FEFF 		bl	HAL_GPIO_Init
 243              	.LVL6:
 195:Core/Src/main.c **** 
 196:Core/Src/main.c ****   /*Configure GPIO pin : I2S3_WS_Pin */
 197:Core/Src/main.c ****   GPIO_InitStruct.Pin = I2S3_WS_Pin;
 244              		.loc 1 197 3 view .LVU78
 245              		.loc 1 197 23 is_stmt 0 view .LVU79
 246 0106 1023     		movs	r3, #16
 247 0108 0793     		str	r3, [sp, #28]
 198:Core/Src/main.c ****   GPIO_InitStruct.Mode = GPIO_MODE_AF_PP;
 248              		.loc 1 198 3 is_stmt 1 view .LVU80
 249              		.loc 1 198 24 is_stmt 0 view .LVU81
 250 010a 0895     		str	r5, [sp, #32]
 199:Core/Src/main.c ****   GPIO_InitStruct.Pull = GPIO_NOPULL;
 251              		.loc 1 199 3 is_stmt 1 view .LVU82
 252              		.loc 1 199 24 is_stmt 0 view .LVU83
 253 010c 0994     		str	r4, [sp, #36]
 200:Core/Src/main.c ****   GPIO_InitStruct.Speed = GPIO_SPEED_FREQ_LOW;
 254              		.loc 1 200 3 is_stmt 1 view .LVU84
 255              		.loc 1 200 25 is_stmt 0 view .LVU85
 256 010e 0A94     		str	r4, [sp, #40]
 201:Core/Src/main.c ****   GPIO_InitStruct.Alternate = GPIO_AF6_SPI3;
ARM GAS  /var/folders/0z/tsy30v1j4xl4_7kw94k978ww0000gn/T//ccsT8YD2.s 			page 9


 257              		.loc 1 201 3 is_stmt 1 view .LVU86
 258              		.loc 1 201 29 is_stmt 0 view .LVU87
 259 0110 4FF00608 		mov	r8, #6
 260 0114 CDF82C80 		str	r8, [sp, #44]
 202:Core/Src/main.c ****   HAL_GPIO_Init(I2S3_WS_GPIO_Port, &GPIO_InitStruct);
 261              		.loc 1 202 3 is_stmt 1 view .LVU88
 262 0118 07A9     		add	r1, sp, #28
 263 011a 3846     		mov	r0, r7
 264 011c FFF7FEFF 		bl	HAL_GPIO_Init
 265              	.LVL7:
 203:Core/Src/main.c **** 
 204:Core/Src/main.c ****   /*Configure GPIO pins : SPI1_SCK_Pin SPI1_MISO_Pin SPI1_MOSI_Pin */
 205:Core/Src/main.c ****   GPIO_InitStruct.Pin = SPI1_SCK_Pin|SPI1_MISO_Pin|SPI1_MOSI_Pin;
 266              		.loc 1 205 3 view .LVU89
 267              		.loc 1 205 23 is_stmt 0 view .LVU90
 268 0120 E023     		movs	r3, #224
 269 0122 0793     		str	r3, [sp, #28]
 206:Core/Src/main.c ****   GPIO_InitStruct.Mode = GPIO_MODE_AF_PP;
 270              		.loc 1 206 3 is_stmt 1 view .LVU91
 271              		.loc 1 206 24 is_stmt 0 view .LVU92
 272 0124 0895     		str	r5, [sp, #32]
 207:Core/Src/main.c ****   GPIO_InitStruct.Pull = GPIO_NOPULL;
 273              		.loc 1 207 3 is_stmt 1 view .LVU93
 274              		.loc 1 207 24 is_stmt 0 view .LVU94
 275 0126 0994     		str	r4, [sp, #36]
 208:Core/Src/main.c ****   GPIO_InitStruct.Speed = GPIO_SPEED_FREQ_LOW;
 276              		.loc 1 208 3 is_stmt 1 view .LVU95
 277              		.loc 1 208 25 is_stmt 0 view .LVU96
 278 0128 0A94     		str	r4, [sp, #40]
 209:Core/Src/main.c ****   GPIO_InitStruct.Alternate = GPIO_AF5_SPI1;
 279              		.loc 1 209 3 is_stmt 1 view .LVU97
 280              		.loc 1 209 29 is_stmt 0 view .LVU98
 281 012a CDF82CA0 		str	r10, [sp, #44]
 210:Core/Src/main.c ****   HAL_GPIO_Init(GPIOA, &GPIO_InitStruct);
 282              		.loc 1 210 3 is_stmt 1 view .LVU99
 283 012e 07A9     		add	r1, sp, #28
 284 0130 3846     		mov	r0, r7
 285 0132 FFF7FEFF 		bl	HAL_GPIO_Init
 286              	.LVL8:
 211:Core/Src/main.c **** 
 212:Core/Src/main.c ****   /*Configure GPIO pin : BOOT1_Pin */
 213:Core/Src/main.c ****   GPIO_InitStruct.Pin = BOOT1_Pin;
 287              		.loc 1 213 3 view .LVU100
 288              		.loc 1 213 23 is_stmt 0 view .LVU101
 289 0136 0423     		movs	r3, #4
 290 0138 0793     		str	r3, [sp, #28]
 214:Core/Src/main.c ****   GPIO_InitStruct.Mode = GPIO_MODE_INPUT;
 291              		.loc 1 214 3 is_stmt 1 view .LVU102
 292              		.loc 1 214 24 is_stmt 0 view .LVU103
 293 013a 0894     		str	r4, [sp, #32]
 215:Core/Src/main.c ****   GPIO_InitStruct.Pull = GPIO_NOPULL;
 294              		.loc 1 215 3 is_stmt 1 view .LVU104
 295              		.loc 1 215 24 is_stmt 0 view .LVU105
 296 013c 0994     		str	r4, [sp, #36]
 216:Core/Src/main.c ****   HAL_GPIO_Init(BOOT1_GPIO_Port, &GPIO_InitStruct);
 297              		.loc 1 216 3 is_stmt 1 view .LVU106
 298 013e 07A9     		add	r1, sp, #28
ARM GAS  /var/folders/0z/tsy30v1j4xl4_7kw94k978ww0000gn/T//ccsT8YD2.s 			page 10


 299 0140 3448     		ldr	r0, .L3+12
 300 0142 FFF7FEFF 		bl	HAL_GPIO_Init
 301              	.LVL9:
 217:Core/Src/main.c **** 
 218:Core/Src/main.c ****   /*Configure GPIO pin : CLK_IN_Pin */
 219:Core/Src/main.c ****   GPIO_InitStruct.Pin = CLK_IN_Pin;
 302              		.loc 1 219 3 view .LVU107
 303              		.loc 1 219 23 is_stmt 0 view .LVU108
 304 0146 4FF48063 		mov	r3, #1024
 305 014a 0793     		str	r3, [sp, #28]
 220:Core/Src/main.c ****   GPIO_InitStruct.Mode = GPIO_MODE_AF_PP;
 306              		.loc 1 220 3 is_stmt 1 view .LVU109
 307              		.loc 1 220 24 is_stmt 0 view .LVU110
 308 014c 0895     		str	r5, [sp, #32]
 221:Core/Src/main.c ****   GPIO_InitStruct.Pull = GPIO_NOPULL;
 309              		.loc 1 221 3 is_stmt 1 view .LVU111
 310              		.loc 1 221 24 is_stmt 0 view .LVU112
 311 014e 0994     		str	r4, [sp, #36]
 222:Core/Src/main.c ****   GPIO_InitStruct.Speed = GPIO_SPEED_FREQ_LOW;
 312              		.loc 1 222 3 is_stmt 1 view .LVU113
 313              		.loc 1 222 25 is_stmt 0 view .LVU114
 314 0150 0A94     		str	r4, [sp, #40]
 223:Core/Src/main.c ****   GPIO_InitStruct.Alternate = GPIO_AF5_SPI2;
 315              		.loc 1 223 3 is_stmt 1 view .LVU115
 316              		.loc 1 223 29 is_stmt 0 view .LVU116
 317 0152 CDF82CA0 		str	r10, [sp, #44]
 224:Core/Src/main.c ****   HAL_GPIO_Init(CLK_IN_GPIO_Port, &GPIO_InitStruct);
 318              		.loc 1 224 3 is_stmt 1 view .LVU117
 319 0156 07A9     		add	r1, sp, #28
 320 0158 2E48     		ldr	r0, .L3+12
 321 015a FFF7FEFF 		bl	HAL_GPIO_Init
 322              	.LVL10:
 225:Core/Src/main.c **** 
 226:Core/Src/main.c ****   /*Configure GPIO pins : LD4_Pin LD3_Pin LD5_Pin LD6_Pin
 227:Core/Src/main.c ****                            Audio_RST_Pin */
 228:Core/Src/main.c ****   GPIO_InitStruct.Pin = LD4_Pin|LD3_Pin|LD5_Pin|LD6_Pin
 323              		.loc 1 228 3 view .LVU118
 324              		.loc 1 228 23 is_stmt 0 view .LVU119
 325 015e 4FF21003 		movw	r3, #61456
 326 0162 0793     		str	r3, [sp, #28]
 229:Core/Src/main.c ****                           |Audio_RST_Pin;
 230:Core/Src/main.c ****   GPIO_InitStruct.Mode = GPIO_MODE_OUTPUT_PP;
 327              		.loc 1 230 3 is_stmt 1 view .LVU120
 328              		.loc 1 230 24 is_stmt 0 view .LVU121
 329 0164 0896     		str	r6, [sp, #32]
 231:Core/Src/main.c ****   GPIO_InitStruct.Pull = GPIO_NOPULL;
 330              		.loc 1 231 3 is_stmt 1 view .LVU122
 331              		.loc 1 231 24 is_stmt 0 view .LVU123
 332 0166 0994     		str	r4, [sp, #36]
 232:Core/Src/main.c ****   GPIO_InitStruct.Speed = GPIO_SPEED_FREQ_LOW;
 333              		.loc 1 232 3 is_stmt 1 view .LVU124
 334              		.loc 1 232 25 is_stmt 0 view .LVU125
 335 0168 0A94     		str	r4, [sp, #40]
 233:Core/Src/main.c ****   HAL_GPIO_Init(GPIOD, &GPIO_InitStruct);
 336              		.loc 1 233 3 is_stmt 1 view .LVU126
 337 016a 07A9     		add	r1, sp, #28
 338 016c 5846     		mov	r0, fp
ARM GAS  /var/folders/0z/tsy30v1j4xl4_7kw94k978ww0000gn/T//ccsT8YD2.s 			page 11


 339 016e FFF7FEFF 		bl	HAL_GPIO_Init
 340              	.LVL11:
 234:Core/Src/main.c **** 
 235:Core/Src/main.c ****   /*Configure GPIO pins : I2S3_MCK_Pin I2S3_SCK_Pin I2S3_SD_Pin */
 236:Core/Src/main.c ****   GPIO_InitStruct.Pin = I2S3_MCK_Pin|I2S3_SCK_Pin|I2S3_SD_Pin;
 341              		.loc 1 236 3 view .LVU127
 342              		.loc 1 236 23 is_stmt 0 view .LVU128
 343 0172 4FF4A453 		mov	r3, #5248
 344 0176 0793     		str	r3, [sp, #28]
 237:Core/Src/main.c ****   GPIO_InitStruct.Mode = GPIO_MODE_AF_PP;
 345              		.loc 1 237 3 is_stmt 1 view .LVU129
 346              		.loc 1 237 24 is_stmt 0 view .LVU130
 347 0178 0895     		str	r5, [sp, #32]
 238:Core/Src/main.c ****   GPIO_InitStruct.Pull = GPIO_NOPULL;
 348              		.loc 1 238 3 is_stmt 1 view .LVU131
 349              		.loc 1 238 24 is_stmt 0 view .LVU132
 350 017a 0994     		str	r4, [sp, #36]
 239:Core/Src/main.c ****   GPIO_InitStruct.Speed = GPIO_SPEED_FREQ_LOW;
 351              		.loc 1 239 3 is_stmt 1 view .LVU133
 352              		.loc 1 239 25 is_stmt 0 view .LVU134
 353 017c 0A94     		str	r4, [sp, #40]
 240:Core/Src/main.c ****   GPIO_InitStruct.Alternate = GPIO_AF6_SPI3;
 354              		.loc 1 240 3 is_stmt 1 view .LVU135
 355              		.loc 1 240 29 is_stmt 0 view .LVU136
 356 017e CDF82C80 		str	r8, [sp, #44]
 241:Core/Src/main.c ****   HAL_GPIO_Init(GPIOC, &GPIO_InitStruct);
 357              		.loc 1 241 3 is_stmt 1 view .LVU137
 358 0182 07A9     		add	r1, sp, #28
 359 0184 4846     		mov	r0, r9
 360 0186 FFF7FEFF 		bl	HAL_GPIO_Init
 361              	.LVL12:
 242:Core/Src/main.c **** 
 243:Core/Src/main.c ****   /*Configure GPIO pin : VBUS_FS_Pin */
 244:Core/Src/main.c ****   GPIO_InitStruct.Pin = VBUS_FS_Pin;
 362              		.loc 1 244 3 view .LVU138
 363              		.loc 1 244 23 is_stmt 0 view .LVU139
 364 018a 4FF40073 		mov	r3, #512
 365 018e 0793     		str	r3, [sp, #28]
 245:Core/Src/main.c ****   GPIO_InitStruct.Mode = GPIO_MODE_INPUT;
 366              		.loc 1 245 3 is_stmt 1 view .LVU140
 367              		.loc 1 245 24 is_stmt 0 view .LVU141
 368 0190 0894     		str	r4, [sp, #32]
 246:Core/Src/main.c ****   GPIO_InitStruct.Pull = GPIO_NOPULL;
 369              		.loc 1 246 3 is_stmt 1 view .LVU142
 370              		.loc 1 246 24 is_stmt 0 view .LVU143
 371 0192 0994     		str	r4, [sp, #36]
 247:Core/Src/main.c ****   HAL_GPIO_Init(VBUS_FS_GPIO_Port, &GPIO_InitStruct);
 372              		.loc 1 247 3 is_stmt 1 view .LVU144
 373 0194 07A9     		add	r1, sp, #28
 374 0196 3846     		mov	r0, r7
 375 0198 FFF7FEFF 		bl	HAL_GPIO_Init
 376              	.LVL13:
 248:Core/Src/main.c **** 
 249:Core/Src/main.c ****   /*Configure GPIO pins : OTG_FS_ID_Pin OTG_FS_DM_Pin OTG_FS_DP_Pin */
 250:Core/Src/main.c ****   GPIO_InitStruct.Pin = OTG_FS_ID_Pin|OTG_FS_DM_Pin|OTG_FS_DP_Pin;
 377              		.loc 1 250 3 view .LVU145
 378              		.loc 1 250 23 is_stmt 0 view .LVU146
ARM GAS  /var/folders/0z/tsy30v1j4xl4_7kw94k978ww0000gn/T//ccsT8YD2.s 			page 12


 379 019c 4FF4E053 		mov	r3, #7168
 380 01a0 0793     		str	r3, [sp, #28]
 251:Core/Src/main.c ****   GPIO_InitStruct.Mode = GPIO_MODE_AF_PP;
 381              		.loc 1 251 3 is_stmt 1 view .LVU147
 382              		.loc 1 251 24 is_stmt 0 view .LVU148
 383 01a2 0895     		str	r5, [sp, #32]
 252:Core/Src/main.c ****   GPIO_InitStruct.Pull = GPIO_NOPULL;
 384              		.loc 1 252 3 is_stmt 1 view .LVU149
 385              		.loc 1 252 24 is_stmt 0 view .LVU150
 386 01a4 0994     		str	r4, [sp, #36]
 253:Core/Src/main.c ****   GPIO_InitStruct.Speed = GPIO_SPEED_FREQ_LOW;
 387              		.loc 1 253 3 is_stmt 1 view .LVU151
 388              		.loc 1 253 25 is_stmt 0 view .LVU152
 389 01a6 0A94     		str	r4, [sp, #40]
 254:Core/Src/main.c ****   GPIO_InitStruct.Alternate = GPIO_AF10_OTG_FS;
 390              		.loc 1 254 3 is_stmt 1 view .LVU153
 391              		.loc 1 254 29 is_stmt 0 view .LVU154
 392 01a8 0A23     		movs	r3, #10
 393 01aa 0B93     		str	r3, [sp, #44]
 255:Core/Src/main.c ****   HAL_GPIO_Init(GPIOA, &GPIO_InitStruct);
 394              		.loc 1 255 3 is_stmt 1 view .LVU155
 395 01ac 07A9     		add	r1, sp, #28
 396 01ae 3846     		mov	r0, r7
 397 01b0 FFF7FEFF 		bl	HAL_GPIO_Init
 398              	.LVL14:
 256:Core/Src/main.c **** 
 257:Core/Src/main.c ****   /*Configure GPIO pin : OTG_FS_OverCurrent_Pin */
 258:Core/Src/main.c ****   GPIO_InitStruct.Pin = OTG_FS_OverCurrent_Pin;
 399              		.loc 1 258 3 view .LVU156
 400              		.loc 1 258 23 is_stmt 0 view .LVU157
 401 01b4 2023     		movs	r3, #32
 402 01b6 0793     		str	r3, [sp, #28]
 259:Core/Src/main.c ****   GPIO_InitStruct.Mode = GPIO_MODE_INPUT;
 403              		.loc 1 259 3 is_stmt 1 view .LVU158
 404              		.loc 1 259 24 is_stmt 0 view .LVU159
 405 01b8 0894     		str	r4, [sp, #32]
 260:Core/Src/main.c ****   GPIO_InitStruct.Pull = GPIO_NOPULL;
 406              		.loc 1 260 3 is_stmt 1 view .LVU160
 407              		.loc 1 260 24 is_stmt 0 view .LVU161
 408 01ba 0994     		str	r4, [sp, #36]
 261:Core/Src/main.c ****   HAL_GPIO_Init(OTG_FS_OverCurrent_GPIO_Port, &GPIO_InitStruct);
 409              		.loc 1 261 3 is_stmt 1 view .LVU162
 410 01bc 07A9     		add	r1, sp, #28
 411 01be 5846     		mov	r0, fp
 412 01c0 FFF7FEFF 		bl	HAL_GPIO_Init
 413              	.LVL15:
 262:Core/Src/main.c **** 
 263:Core/Src/main.c ****   /*Configure GPIO pins : Audio_SCL_Pin Audio_SDA_Pin */
 264:Core/Src/main.c ****   GPIO_InitStruct.Pin = Audio_SCL_Pin|Audio_SDA_Pin;
 414              		.loc 1 264 3 view .LVU163
 415              		.loc 1 264 23 is_stmt 0 view .LVU164
 416 01c4 4FF41073 		mov	r3, #576
 417 01c8 0793     		str	r3, [sp, #28]
 265:Core/Src/main.c ****   GPIO_InitStruct.Mode = GPIO_MODE_AF_OD;
 418              		.loc 1 265 3 is_stmt 1 view .LVU165
 419              		.loc 1 265 24 is_stmt 0 view .LVU166
 420 01ca 1223     		movs	r3, #18
ARM GAS  /var/folders/0z/tsy30v1j4xl4_7kw94k978ww0000gn/T//ccsT8YD2.s 			page 13


 421 01cc 0893     		str	r3, [sp, #32]
 266:Core/Src/main.c ****   GPIO_InitStruct.Pull = GPIO_PULLUP;
 422              		.loc 1 266 3 is_stmt 1 view .LVU167
 423              		.loc 1 266 24 is_stmt 0 view .LVU168
 424 01ce 0996     		str	r6, [sp, #36]
 267:Core/Src/main.c ****   GPIO_InitStruct.Speed = GPIO_SPEED_FREQ_LOW;
 425              		.loc 1 267 3 is_stmt 1 view .LVU169
 426              		.loc 1 267 25 is_stmt 0 view .LVU170
 427 01d0 0A94     		str	r4, [sp, #40]
 268:Core/Src/main.c ****   GPIO_InitStruct.Alternate = GPIO_AF4_I2C1;
 428              		.loc 1 268 3 is_stmt 1 view .LVU171
 429              		.loc 1 268 29 is_stmt 0 view .LVU172
 430 01d2 0423     		movs	r3, #4
 431 01d4 0B93     		str	r3, [sp, #44]
 269:Core/Src/main.c ****   HAL_GPIO_Init(GPIOB, &GPIO_InitStruct);
 432              		.loc 1 269 3 is_stmt 1 view .LVU173
 433 01d6 07A9     		add	r1, sp, #28
 434 01d8 0E48     		ldr	r0, .L3+12
 435 01da FFF7FEFF 		bl	HAL_GPIO_Init
 436              	.LVL16:
 270:Core/Src/main.c **** 
 271:Core/Src/main.c ****   /*Configure GPIO pin : MEMS_INT2_Pin */
 272:Core/Src/main.c ****   GPIO_InitStruct.Pin = MEMS_INT2_Pin;
 437              		.loc 1 272 3 view .LVU174
 438              		.loc 1 272 23 is_stmt 0 view .LVU175
 439 01de 0795     		str	r5, [sp, #28]
 273:Core/Src/main.c ****   GPIO_InitStruct.Mode = GPIO_MODE_EVT_RISING;
 440              		.loc 1 273 3 is_stmt 1 view .LVU176
 441              		.loc 1 273 24 is_stmt 0 view .LVU177
 442 01e0 4FF49013 		mov	r3, #1179648
 443 01e4 0893     		str	r3, [sp, #32]
 274:Core/Src/main.c ****   GPIO_InitStruct.Pull = GPIO_NOPULL;
 444              		.loc 1 274 3 is_stmt 1 view .LVU178
 445              		.loc 1 274 24 is_stmt 0 view .LVU179
 446 01e6 0994     		str	r4, [sp, #36]
 275:Core/Src/main.c ****   HAL_GPIO_Init(MEMS_INT2_GPIO_Port, &GPIO_InitStruct);
 447              		.loc 1 275 3 is_stmt 1 view .LVU180
 448 01e8 07A9     		add	r1, sp, #28
 449 01ea 0848     		ldr	r0, .L3+4
 450 01ec FFF7FEFF 		bl	HAL_GPIO_Init
 451              	.LVL17:
 276:Core/Src/main.c **** 
 277:Core/Src/main.c ****   /* EXTI interrupt init*/
 278:Core/Src/main.c ****   HAL_NVIC_SetPriority(EXTI0_IRQn, 0, 0);
 452              		.loc 1 278 3 view .LVU181
 453 01f0 2246     		mov	r2, r4
 454 01f2 2146     		mov	r1, r4
 455 01f4 4046     		mov	r0, r8
 456 01f6 FFF7FEFF 		bl	HAL_NVIC_SetPriority
 457              	.LVL18:
 279:Core/Src/main.c ****   HAL_NVIC_EnableIRQ(EXTI0_IRQn);
 458              		.loc 1 279 3 view .LVU182
 459 01fa 4046     		mov	r0, r8
 460 01fc FFF7FEFF 		bl	HAL_NVIC_EnableIRQ
 461              	.LVL19:
 280:Core/Src/main.c **** 
 281:Core/Src/main.c **** /* USER CODE BEGIN MX_GPIO_Init_2 */
ARM GAS  /var/folders/0z/tsy30v1j4xl4_7kw94k978ww0000gn/T//ccsT8YD2.s 			page 14


 282:Core/Src/main.c **** /* USER CODE END MX_GPIO_Init_2 */
 283:Core/Src/main.c **** }
 462              		.loc 1 283 1 is_stmt 0 view .LVU183
 463 0200 0DB0     		add	sp, sp, #52
 464              		.cfi_def_cfa_offset 36
 465              		@ sp needed
 466 0202 BDE8F08F 		pop	{r4, r5, r6, r7, r8, r9, r10, fp, pc}
 467              	.L4:
 468 0206 00BF     		.align	2
 469              	.L3:
 470 0208 00380240 		.word	1073887232
 471 020c 00100240 		.word	1073876992
 472 0210 00000240 		.word	1073872896
 473 0214 00040240 		.word	1073873920
 474 0218 00080240 		.word	1073874944
 475 021c 000C0240 		.word	1073875968
 476              		.cfi_endproc
 477              	.LFE133:
 479              		.section	.text.HAL_GPIO_EXTI_Callback,"ax",%progbits
 480              		.align	1
 481              		.global	HAL_GPIO_EXTI_Callback
 482              		.syntax unified
 483              		.thumb
 484              		.thumb_func
 486              	HAL_GPIO_EXTI_Callback:
 487              	.LVL20:
 488              	.LFB134:
 284:Core/Src/main.c **** 
 285:Core/Src/main.c **** // EXTI Line0 External Interrupt ISR Handler CallBackFun
 286:Core/Src/main.c **** void HAL_GPIO_EXTI_Callback(uint16_t GPIO_Pin)
 287:Core/Src/main.c **** {
 489              		.loc 1 287 1 is_stmt 1 view -0
 490              		.cfi_startproc
 491              		@ args = 0, pretend = 0, frame = 0
 492              		@ frame_needed = 0, uses_anonymous_args = 0
 288:Core/Src/main.c ****     if (GPIO_Pin == GPIO_PIN_0 && debounce_flag == 1)
 493              		.loc 1 288 5 view .LVU185
 494              		.loc 1 288 8 is_stmt 0 view .LVU186
 495 0000 0128     		cmp	r0, #1
 496 0002 00D0     		beq	.L11
 497 0004 7047     		bx	lr
 498              	.L11:
 287:Core/Src/main.c ****     if (GPIO_Pin == GPIO_PIN_0 && debounce_flag == 1)
 499              		.loc 1 287 1 discriminator 1 view .LVU187
 500 0006 08B5     		push	{r3, lr}
 501              		.cfi_def_cfa_offset 8
 502              		.cfi_offset 3, -8
 503              		.cfi_offset 14, -4
 504              		.loc 1 288 49 discriminator 1 view .LVU188
 505 0008 054B     		ldr	r3, .L13
 506 000a 1B78     		ldrb	r3, [r3]	@ zero_extendqisi2
 507              		.loc 1 288 32 discriminator 1 view .LVU189
 508 000c 012B     		cmp	r3, #1
 509 000e 00D0     		beq	.L12
 510              	.LVL21:
 511              	.L5:
 289:Core/Src/main.c ****     {
ARM GAS  /var/folders/0z/tsy30v1j4xl4_7kw94k978ww0000gn/T//ccsT8YD2.s 			page 15


 290:Core/Src/main.c ****         HAL_TIM_Base_Start_IT(&htim1);
 291:Core/Src/main.c ****         debounce_flag = 0;
 292:Core/Src/main.c ****     }
 293:Core/Src/main.c **** }
 512              		.loc 1 293 1 view .LVU190
 513 0010 08BD     		pop	{r3, pc}
 514              	.LVL22:
 515              	.L12:
 290:Core/Src/main.c ****         debounce_flag = 0;
 516              		.loc 1 290 9 is_stmt 1 view .LVU191
 517 0012 0448     		ldr	r0, .L13+4
 518              	.LVL23:
 290:Core/Src/main.c ****         debounce_flag = 0;
 519              		.loc 1 290 9 is_stmt 0 view .LVU192
 520 0014 FFF7FEFF 		bl	HAL_TIM_Base_Start_IT
 521              	.LVL24:
 291:Core/Src/main.c ****     }
 522              		.loc 1 291 9 is_stmt 1 view .LVU193
 291:Core/Src/main.c ****     }
 523              		.loc 1 291 23 is_stmt 0 view .LVU194
 524 0018 014B     		ldr	r3, .L13
 525 001a 0022     		movs	r2, #0
 526 001c 1A70     		strb	r2, [r3]
 527              		.loc 1 293 1 view .LVU195
 528 001e F7E7     		b	.L5
 529              	.L14:
 530              		.align	2
 531              	.L13:
 532 0020 00000000 		.word	.LANCHOR0
 533 0024 00000000 		.word	.LANCHOR1
 534              		.cfi_endproc
 535              	.LFE134:
 537              		.section	.text.HAL_TIM_PeriodElapsedCallback,"ax",%progbits
 538              		.align	1
 539              		.global	HAL_TIM_PeriodElapsedCallback
 540              		.syntax unified
 541              		.thumb
 542              		.thumb_func
 544              	HAL_TIM_PeriodElapsedCallback:
 545              	.LVL25:
 546              	.LFB135:
 294:Core/Src/main.c **** 
 295:Core/Src/main.c **** void HAL_TIM_PeriodElapsedCallback(TIM_HandleTypeDef *htim)
 296:Core/Src/main.c **** {
 547              		.loc 1 296 1 is_stmt 1 view -0
 548              		.cfi_startproc
 549              		@ args = 0, pretend = 0, frame = 0
 550              		@ frame_needed = 0, uses_anonymous_args = 0
 551              		.loc 1 296 1 is_stmt 0 view .LVU197
 552 0000 08B5     		push	{r3, lr}
 553              		.cfi_def_cfa_offset 8
 554              		.cfi_offset 3, -8
 555              		.cfi_offset 14, -4
 297:Core/Src/main.c ****     /* Prevent unused argument(s) compilation warning */
 298:Core/Src/main.c ****     UNUSED(htim);
 556              		.loc 1 298 5 is_stmt 1 view .LVU198
 299:Core/Src/main.c **** 
ARM GAS  /var/folders/0z/tsy30v1j4xl4_7kw94k978ww0000gn/T//ccsT8YD2.s 			page 16


 300:Core/Src/main.c ****     /* NOTE : This function should not be modified, when the callback is needed,
 301:Core/Src/main.c ****               the HAL_TIM_PeriodElapsedCallback could be implemented in the user file
 302:Core/Src/main.c ****      */
 303:Core/Src/main.c ****     if (HAL_GPIO_ReadPin(GPIOA, GPIO_PIN_0) == GPIO_PIN_RESET)
 557              		.loc 1 303 5 view .LVU199
 558              		.loc 1 303 9 is_stmt 0 view .LVU200
 559 0002 0121     		movs	r1, #1
 560 0004 0848     		ldr	r0, .L19
 561              	.LVL26:
 562              		.loc 1 303 9 view .LVU201
 563 0006 FFF7FEFF 		bl	HAL_GPIO_ReadPin
 564              	.LVL27:
 565              		.loc 1 303 8 view .LVU202
 566 000a 00B1     		cbz	r0, .L18
 567              	.L15:
 304:Core/Src/main.c ****     {
 305:Core/Src/main.c ****         HAL_GPIO_TogglePin(GPIOD, GPIO_PIN_12 | GPIO_PIN_13 | GPIO_PIN_14 | GPIO_PIN_15);
 306:Core/Src/main.c ****         debounce_flag = 1;
 307:Core/Src/main.c ****         HAL_TIM_Base_Stop_IT(&htim1);
 308:Core/Src/main.c ****     }
 309:Core/Src/main.c **** }
 568              		.loc 1 309 1 view .LVU203
 569 000c 08BD     		pop	{r3, pc}
 570              	.L18:
 305:Core/Src/main.c ****         debounce_flag = 1;
 571              		.loc 1 305 9 is_stmt 1 view .LVU204
 572 000e 4FF47041 		mov	r1, #61440
 573 0012 0648     		ldr	r0, .L19+4
 574 0014 FFF7FEFF 		bl	HAL_GPIO_TogglePin
 575              	.LVL28:
 306:Core/Src/main.c ****         HAL_TIM_Base_Stop_IT(&htim1);
 576              		.loc 1 306 9 view .LVU205
 306:Core/Src/main.c ****         HAL_TIM_Base_Stop_IT(&htim1);
 577              		.loc 1 306 23 is_stmt 0 view .LVU206
 578 0018 054B     		ldr	r3, .L19+8
 579 001a 0122     		movs	r2, #1
 580 001c 1A70     		strb	r2, [r3]
 307:Core/Src/main.c ****     }
 581              		.loc 1 307 9 is_stmt 1 view .LVU207
 582 001e 0548     		ldr	r0, .L19+12
 583 0020 FFF7FEFF 		bl	HAL_TIM_Base_Stop_IT
 584              	.LVL29:
 585              		.loc 1 309 1 is_stmt 0 view .LVU208
 586 0024 F2E7     		b	.L15
 587              	.L20:
 588 0026 00BF     		.align	2
 589              	.L19:
 590 0028 00000240 		.word	1073872896
 591 002c 000C0240 		.word	1073875968
 592 0030 00000000 		.word	.LANCHOR0
 593 0034 00000000 		.word	.LANCHOR1
 594              		.cfi_endproc
 595              	.LFE135:
 597              		.section	.text.Error_Handler,"ax",%progbits
 598              		.align	1
 599              		.global	Error_Handler
 600              		.syntax unified
ARM GAS  /var/folders/0z/tsy30v1j4xl4_7kw94k978ww0000gn/T//ccsT8YD2.s 			page 17


 601              		.thumb
 602              		.thumb_func
 604              	Error_Handler:
 605              	.LFB136:
 310:Core/Src/main.c **** 
 311:Core/Src/main.c **** /**
 312:Core/Src/main.c ****   * @brief  This function is executed in case of error occurrence.
 313:Core/Src/main.c ****   * @retval None
 314:Core/Src/main.c ****   */
 315:Core/Src/main.c **** void Error_Handler(void)
 316:Core/Src/main.c **** {
 606              		.loc 1 316 1 is_stmt 1 view -0
 607              		.cfi_startproc
 608              		@ Volatile: function does not return.
 609              		@ args = 0, pretend = 0, frame = 0
 610              		@ frame_needed = 0, uses_anonymous_args = 0
 611              		@ link register save eliminated.
 317:Core/Src/main.c ****   /* USER CODE BEGIN Error_Handler_Debug */
 318:Core/Src/main.c ****   /* User can add his own implementation to report the HAL error return state */
 319:Core/Src/main.c ****   __disable_irq();
 612              		.loc 1 319 3 view .LVU210
 613              	.LBB10:
 614              	.LBI10:
 615              		.file 2 "Drivers/CMSIS/Include/cmsis_gcc.h"
   1:Drivers/CMSIS/Include/cmsis_gcc.h **** /**************************************************************************//**
   2:Drivers/CMSIS/Include/cmsis_gcc.h ****  * @file     cmsis_gcc.h
   3:Drivers/CMSIS/Include/cmsis_gcc.h ****  * @brief    CMSIS compiler GCC header file
   4:Drivers/CMSIS/Include/cmsis_gcc.h ****  * @version  V5.0.4
   5:Drivers/CMSIS/Include/cmsis_gcc.h ****  * @date     09. April 2018
   6:Drivers/CMSIS/Include/cmsis_gcc.h ****  ******************************************************************************/
   7:Drivers/CMSIS/Include/cmsis_gcc.h **** /*
   8:Drivers/CMSIS/Include/cmsis_gcc.h ****  * Copyright (c) 2009-2018 Arm Limited. All rights reserved.
   9:Drivers/CMSIS/Include/cmsis_gcc.h ****  *
  10:Drivers/CMSIS/Include/cmsis_gcc.h ****  * SPDX-License-Identifier: Apache-2.0
  11:Drivers/CMSIS/Include/cmsis_gcc.h ****  *
  12:Drivers/CMSIS/Include/cmsis_gcc.h ****  * Licensed under the Apache License, Version 2.0 (the License); you may
  13:Drivers/CMSIS/Include/cmsis_gcc.h ****  * not use this file except in compliance with the License.
  14:Drivers/CMSIS/Include/cmsis_gcc.h ****  * You may obtain a copy of the License at
  15:Drivers/CMSIS/Include/cmsis_gcc.h ****  *
  16:Drivers/CMSIS/Include/cmsis_gcc.h ****  * www.apache.org/licenses/LICENSE-2.0
  17:Drivers/CMSIS/Include/cmsis_gcc.h ****  *
  18:Drivers/CMSIS/Include/cmsis_gcc.h ****  * Unless required by applicable law or agreed to in writing, software
  19:Drivers/CMSIS/Include/cmsis_gcc.h ****  * distributed under the License is distributed on an AS IS BASIS, WITHOUT
  20:Drivers/CMSIS/Include/cmsis_gcc.h ****  * WARRANTIES OR CONDITIONS OF ANY KIND, either express or implied.
  21:Drivers/CMSIS/Include/cmsis_gcc.h ****  * See the License for the specific language governing permissions and
  22:Drivers/CMSIS/Include/cmsis_gcc.h ****  * limitations under the License.
  23:Drivers/CMSIS/Include/cmsis_gcc.h ****  */
  24:Drivers/CMSIS/Include/cmsis_gcc.h **** 
  25:Drivers/CMSIS/Include/cmsis_gcc.h **** #ifndef __CMSIS_GCC_H
  26:Drivers/CMSIS/Include/cmsis_gcc.h **** #define __CMSIS_GCC_H
  27:Drivers/CMSIS/Include/cmsis_gcc.h **** 
  28:Drivers/CMSIS/Include/cmsis_gcc.h **** /* ignore some GCC warnings */
  29:Drivers/CMSIS/Include/cmsis_gcc.h **** #pragma GCC diagnostic push
  30:Drivers/CMSIS/Include/cmsis_gcc.h **** #pragma GCC diagnostic ignored "-Wsign-conversion"
  31:Drivers/CMSIS/Include/cmsis_gcc.h **** #pragma GCC diagnostic ignored "-Wconversion"
  32:Drivers/CMSIS/Include/cmsis_gcc.h **** #pragma GCC diagnostic ignored "-Wunused-parameter"
  33:Drivers/CMSIS/Include/cmsis_gcc.h **** 
ARM GAS  /var/folders/0z/tsy30v1j4xl4_7kw94k978ww0000gn/T//ccsT8YD2.s 			page 18


  34:Drivers/CMSIS/Include/cmsis_gcc.h **** /* Fallback for __has_builtin */
  35:Drivers/CMSIS/Include/cmsis_gcc.h **** #ifndef __has_builtin
  36:Drivers/CMSIS/Include/cmsis_gcc.h ****   #define __has_builtin(x) (0)
  37:Drivers/CMSIS/Include/cmsis_gcc.h **** #endif
  38:Drivers/CMSIS/Include/cmsis_gcc.h **** 
  39:Drivers/CMSIS/Include/cmsis_gcc.h **** /* CMSIS compiler specific defines */
  40:Drivers/CMSIS/Include/cmsis_gcc.h **** #ifndef   __ASM
  41:Drivers/CMSIS/Include/cmsis_gcc.h ****   #define __ASM                                  __asm
  42:Drivers/CMSIS/Include/cmsis_gcc.h **** #endif
  43:Drivers/CMSIS/Include/cmsis_gcc.h **** #ifndef   __INLINE
  44:Drivers/CMSIS/Include/cmsis_gcc.h ****   #define __INLINE                               inline
  45:Drivers/CMSIS/Include/cmsis_gcc.h **** #endif
  46:Drivers/CMSIS/Include/cmsis_gcc.h **** #ifndef   __STATIC_INLINE
  47:Drivers/CMSIS/Include/cmsis_gcc.h ****   #define __STATIC_INLINE                        static inline
  48:Drivers/CMSIS/Include/cmsis_gcc.h **** #endif
  49:Drivers/CMSIS/Include/cmsis_gcc.h **** #ifndef   __STATIC_FORCEINLINE                 
  50:Drivers/CMSIS/Include/cmsis_gcc.h ****   #define __STATIC_FORCEINLINE                   __attribute__((always_inline)) static inline
  51:Drivers/CMSIS/Include/cmsis_gcc.h **** #endif                                           
  52:Drivers/CMSIS/Include/cmsis_gcc.h **** #ifndef   __NO_RETURN
  53:Drivers/CMSIS/Include/cmsis_gcc.h ****   #define __NO_RETURN                            __attribute__((__noreturn__))
  54:Drivers/CMSIS/Include/cmsis_gcc.h **** #endif
  55:Drivers/CMSIS/Include/cmsis_gcc.h **** #ifndef   __USED
  56:Drivers/CMSIS/Include/cmsis_gcc.h ****   #define __USED                                 __attribute__((used))
  57:Drivers/CMSIS/Include/cmsis_gcc.h **** #endif
  58:Drivers/CMSIS/Include/cmsis_gcc.h **** #ifndef   __WEAK
  59:Drivers/CMSIS/Include/cmsis_gcc.h ****   #define __WEAK                                 __attribute__((weak))
  60:Drivers/CMSIS/Include/cmsis_gcc.h **** #endif
  61:Drivers/CMSIS/Include/cmsis_gcc.h **** #ifndef   __PACKED
  62:Drivers/CMSIS/Include/cmsis_gcc.h ****   #define __PACKED                               __attribute__((packed, aligned(1)))
  63:Drivers/CMSIS/Include/cmsis_gcc.h **** #endif
  64:Drivers/CMSIS/Include/cmsis_gcc.h **** #ifndef   __PACKED_STRUCT
  65:Drivers/CMSIS/Include/cmsis_gcc.h ****   #define __PACKED_STRUCT                        struct __attribute__((packed, aligned(1)))
  66:Drivers/CMSIS/Include/cmsis_gcc.h **** #endif
  67:Drivers/CMSIS/Include/cmsis_gcc.h **** #ifndef   __PACKED_UNION
  68:Drivers/CMSIS/Include/cmsis_gcc.h ****   #define __PACKED_UNION                         union __attribute__((packed, aligned(1)))
  69:Drivers/CMSIS/Include/cmsis_gcc.h **** #endif
  70:Drivers/CMSIS/Include/cmsis_gcc.h **** #ifndef   __UNALIGNED_UINT32        /* deprecated */
  71:Drivers/CMSIS/Include/cmsis_gcc.h ****   #pragma GCC diagnostic push
  72:Drivers/CMSIS/Include/cmsis_gcc.h ****   #pragma GCC diagnostic ignored "-Wpacked"
  73:Drivers/CMSIS/Include/cmsis_gcc.h ****   #pragma GCC diagnostic ignored "-Wattributes"
  74:Drivers/CMSIS/Include/cmsis_gcc.h ****   struct __attribute__((packed)) T_UINT32 { uint32_t v; };
  75:Drivers/CMSIS/Include/cmsis_gcc.h ****   #pragma GCC diagnostic pop
  76:Drivers/CMSIS/Include/cmsis_gcc.h ****   #define __UNALIGNED_UINT32(x)                  (((struct T_UINT32 *)(x))->v)
  77:Drivers/CMSIS/Include/cmsis_gcc.h **** #endif
  78:Drivers/CMSIS/Include/cmsis_gcc.h **** #ifndef   __UNALIGNED_UINT16_WRITE
  79:Drivers/CMSIS/Include/cmsis_gcc.h ****   #pragma GCC diagnostic push
  80:Drivers/CMSIS/Include/cmsis_gcc.h ****   #pragma GCC diagnostic ignored "-Wpacked"
  81:Drivers/CMSIS/Include/cmsis_gcc.h ****   #pragma GCC diagnostic ignored "-Wattributes"
  82:Drivers/CMSIS/Include/cmsis_gcc.h ****   __PACKED_STRUCT T_UINT16_WRITE { uint16_t v; };
  83:Drivers/CMSIS/Include/cmsis_gcc.h ****   #pragma GCC diagnostic pop
  84:Drivers/CMSIS/Include/cmsis_gcc.h ****   #define __UNALIGNED_UINT16_WRITE(addr, val)    (void)((((struct T_UINT16_WRITE *)(void *)(addr))-
  85:Drivers/CMSIS/Include/cmsis_gcc.h **** #endif
  86:Drivers/CMSIS/Include/cmsis_gcc.h **** #ifndef   __UNALIGNED_UINT16_READ
  87:Drivers/CMSIS/Include/cmsis_gcc.h ****   #pragma GCC diagnostic push
  88:Drivers/CMSIS/Include/cmsis_gcc.h ****   #pragma GCC diagnostic ignored "-Wpacked"
  89:Drivers/CMSIS/Include/cmsis_gcc.h ****   #pragma GCC diagnostic ignored "-Wattributes"
  90:Drivers/CMSIS/Include/cmsis_gcc.h ****   __PACKED_STRUCT T_UINT16_READ { uint16_t v; };
ARM GAS  /var/folders/0z/tsy30v1j4xl4_7kw94k978ww0000gn/T//ccsT8YD2.s 			page 19


  91:Drivers/CMSIS/Include/cmsis_gcc.h ****   #pragma GCC diagnostic pop
  92:Drivers/CMSIS/Include/cmsis_gcc.h ****   #define __UNALIGNED_UINT16_READ(addr)          (((const struct T_UINT16_READ *)(const void *)(add
  93:Drivers/CMSIS/Include/cmsis_gcc.h **** #endif
  94:Drivers/CMSIS/Include/cmsis_gcc.h **** #ifndef   __UNALIGNED_UINT32_WRITE
  95:Drivers/CMSIS/Include/cmsis_gcc.h ****   #pragma GCC diagnostic push
  96:Drivers/CMSIS/Include/cmsis_gcc.h ****   #pragma GCC diagnostic ignored "-Wpacked"
  97:Drivers/CMSIS/Include/cmsis_gcc.h ****   #pragma GCC diagnostic ignored "-Wattributes"
  98:Drivers/CMSIS/Include/cmsis_gcc.h ****   __PACKED_STRUCT T_UINT32_WRITE { uint32_t v; };
  99:Drivers/CMSIS/Include/cmsis_gcc.h ****   #pragma GCC diagnostic pop
 100:Drivers/CMSIS/Include/cmsis_gcc.h ****   #define __UNALIGNED_UINT32_WRITE(addr, val)    (void)((((struct T_UINT32_WRITE *)(void *)(addr))-
 101:Drivers/CMSIS/Include/cmsis_gcc.h **** #endif
 102:Drivers/CMSIS/Include/cmsis_gcc.h **** #ifndef   __UNALIGNED_UINT32_READ
 103:Drivers/CMSIS/Include/cmsis_gcc.h ****   #pragma GCC diagnostic push
 104:Drivers/CMSIS/Include/cmsis_gcc.h ****   #pragma GCC diagnostic ignored "-Wpacked"
 105:Drivers/CMSIS/Include/cmsis_gcc.h ****   #pragma GCC diagnostic ignored "-Wattributes"
 106:Drivers/CMSIS/Include/cmsis_gcc.h ****   __PACKED_STRUCT T_UINT32_READ { uint32_t v; };
 107:Drivers/CMSIS/Include/cmsis_gcc.h ****   #pragma GCC diagnostic pop
 108:Drivers/CMSIS/Include/cmsis_gcc.h ****   #define __UNALIGNED_UINT32_READ(addr)          (((const struct T_UINT32_READ *)(const void *)(add
 109:Drivers/CMSIS/Include/cmsis_gcc.h **** #endif
 110:Drivers/CMSIS/Include/cmsis_gcc.h **** #ifndef   __ALIGNED
 111:Drivers/CMSIS/Include/cmsis_gcc.h ****   #define __ALIGNED(x)                           __attribute__((aligned(x)))
 112:Drivers/CMSIS/Include/cmsis_gcc.h **** #endif
 113:Drivers/CMSIS/Include/cmsis_gcc.h **** #ifndef   __RESTRICT
 114:Drivers/CMSIS/Include/cmsis_gcc.h ****   #define __RESTRICT                             __restrict
 115:Drivers/CMSIS/Include/cmsis_gcc.h **** #endif
 116:Drivers/CMSIS/Include/cmsis_gcc.h **** 
 117:Drivers/CMSIS/Include/cmsis_gcc.h **** 
 118:Drivers/CMSIS/Include/cmsis_gcc.h **** /* ###########################  Core Function Access  ########################### */
 119:Drivers/CMSIS/Include/cmsis_gcc.h **** /** \ingroup  CMSIS_Core_FunctionInterface
 120:Drivers/CMSIS/Include/cmsis_gcc.h ****     \defgroup CMSIS_Core_RegAccFunctions CMSIS Core Register Access Functions
 121:Drivers/CMSIS/Include/cmsis_gcc.h ****   @{
 122:Drivers/CMSIS/Include/cmsis_gcc.h ****  */
 123:Drivers/CMSIS/Include/cmsis_gcc.h **** 
 124:Drivers/CMSIS/Include/cmsis_gcc.h **** /**
 125:Drivers/CMSIS/Include/cmsis_gcc.h ****   \brief   Enable IRQ Interrupts
 126:Drivers/CMSIS/Include/cmsis_gcc.h ****   \details Enables IRQ interrupts by clearing the I-bit in the CPSR.
 127:Drivers/CMSIS/Include/cmsis_gcc.h ****            Can only be executed in Privileged modes.
 128:Drivers/CMSIS/Include/cmsis_gcc.h ****  */
 129:Drivers/CMSIS/Include/cmsis_gcc.h **** __STATIC_FORCEINLINE void __enable_irq(void)
 130:Drivers/CMSIS/Include/cmsis_gcc.h **** {
 131:Drivers/CMSIS/Include/cmsis_gcc.h ****   __ASM volatile ("cpsie i" : : : "memory");
 132:Drivers/CMSIS/Include/cmsis_gcc.h **** }
 133:Drivers/CMSIS/Include/cmsis_gcc.h **** 
 134:Drivers/CMSIS/Include/cmsis_gcc.h **** 
 135:Drivers/CMSIS/Include/cmsis_gcc.h **** /**
 136:Drivers/CMSIS/Include/cmsis_gcc.h ****   \brief   Disable IRQ Interrupts
 137:Drivers/CMSIS/Include/cmsis_gcc.h ****   \details Disables IRQ interrupts by setting the I-bit in the CPSR.
 138:Drivers/CMSIS/Include/cmsis_gcc.h ****            Can only be executed in Privileged modes.
 139:Drivers/CMSIS/Include/cmsis_gcc.h ****  */
 140:Drivers/CMSIS/Include/cmsis_gcc.h **** __STATIC_FORCEINLINE void __disable_irq(void)
 616              		.loc 2 140 27 view .LVU211
 617              	.LBB11:
 141:Drivers/CMSIS/Include/cmsis_gcc.h **** {
 142:Drivers/CMSIS/Include/cmsis_gcc.h ****   __ASM volatile ("cpsid i" : : : "memory");
 618              		.loc 2 142 3 view .LVU212
 619              		.syntax unified
 620              	@ 142 "Drivers/CMSIS/Include/cmsis_gcc.h" 1
ARM GAS  /var/folders/0z/tsy30v1j4xl4_7kw94k978ww0000gn/T//ccsT8YD2.s 			page 20


 621 0000 72B6     		cpsid i
 622              	@ 0 "" 2
 623              		.thumb
 624              		.syntax unified
 625              	.L22:
 626              	.LBE11:
 627              	.LBE10:
 320:Core/Src/main.c ****   while (1)
 628              		.loc 1 320 3 discriminator 1 view .LVU213
 321:Core/Src/main.c ****   {
 322:Core/Src/main.c ****   }
 629              		.loc 1 322 3 discriminator 1 view .LVU214
 320:Core/Src/main.c ****   while (1)
 630              		.loc 1 320 9 discriminator 1 view .LVU215
 631 0002 FEE7     		b	.L22
 632              		.cfi_endproc
 633              	.LFE136:
 635              		.section	.text.MX_TIM1_Init,"ax",%progbits
 636              		.align	1
 637              		.syntax unified
 638              		.thumb
 639              		.thumb_func
 641              	MX_TIM1_Init:
 642              	.LFB132:
  99:Core/Src/main.c **** 
 643              		.loc 1 99 1 view -0
 644              		.cfi_startproc
 645              		@ args = 0, pretend = 0, frame = 24
 646              		@ frame_needed = 0, uses_anonymous_args = 0
 647 0000 00B5     		push	{lr}
 648              		.cfi_def_cfa_offset 4
 649              		.cfi_offset 14, -4
 650 0002 87B0     		sub	sp, sp, #28
 651              		.cfi_def_cfa_offset 32
 105:Core/Src/main.c ****   TIM_MasterConfigTypeDef sMasterConfig = {0};
 652              		.loc 1 105 3 view .LVU217
 105:Core/Src/main.c ****   TIM_MasterConfigTypeDef sMasterConfig = {0};
 653              		.loc 1 105 26 is_stmt 0 view .LVU218
 654 0004 0023     		movs	r3, #0
 655 0006 0293     		str	r3, [sp, #8]
 656 0008 0393     		str	r3, [sp, #12]
 657 000a 0493     		str	r3, [sp, #16]
 658 000c 0593     		str	r3, [sp, #20]
 106:Core/Src/main.c **** 
 659              		.loc 1 106 3 is_stmt 1 view .LVU219
 106:Core/Src/main.c **** 
 660              		.loc 1 106 27 is_stmt 0 view .LVU220
 661 000e 0093     		str	r3, [sp]
 662 0010 0193     		str	r3, [sp, #4]
 111:Core/Src/main.c ****   htim1.Init.Prescaler = 65535;
 663              		.loc 1 111 3 is_stmt 1 view .LVU221
 111:Core/Src/main.c ****   htim1.Init.Prescaler = 65535;
 664              		.loc 1 111 18 is_stmt 0 view .LVU222
 665 0012 1448     		ldr	r0, .L31
 666 0014 144A     		ldr	r2, .L31+4
 667 0016 0260     		str	r2, [r0]
 112:Core/Src/main.c ****   htim1.Init.CounterMode = TIM_COUNTERMODE_UP;
ARM GAS  /var/folders/0z/tsy30v1j4xl4_7kw94k978ww0000gn/T//ccsT8YD2.s 			page 21


 668              		.loc 1 112 3 is_stmt 1 view .LVU223
 112:Core/Src/main.c ****   htim1.Init.CounterMode = TIM_COUNTERMODE_UP;
 669              		.loc 1 112 24 is_stmt 0 view .LVU224
 670 0018 4FF6FF72 		movw	r2, #65535
 671 001c 4260     		str	r2, [r0, #4]
 113:Core/Src/main.c ****   htim1.Init.Period = 128;
 672              		.loc 1 113 3 is_stmt 1 view .LVU225
 113:Core/Src/main.c ****   htim1.Init.Period = 128;
 673              		.loc 1 113 26 is_stmt 0 view .LVU226
 674 001e 8360     		str	r3, [r0, #8]
 114:Core/Src/main.c ****   htim1.Init.ClockDivision = TIM_CLOCKDIVISION_DIV1;
 675              		.loc 1 114 3 is_stmt 1 view .LVU227
 114:Core/Src/main.c ****   htim1.Init.ClockDivision = TIM_CLOCKDIVISION_DIV1;
 676              		.loc 1 114 21 is_stmt 0 view .LVU228
 677 0020 8022     		movs	r2, #128
 678 0022 C260     		str	r2, [r0, #12]
 115:Core/Src/main.c ****   htim1.Init.RepetitionCounter = 0;
 679              		.loc 1 115 3 is_stmt 1 view .LVU229
 115:Core/Src/main.c ****   htim1.Init.RepetitionCounter = 0;
 680              		.loc 1 115 28 is_stmt 0 view .LVU230
 681 0024 0361     		str	r3, [r0, #16]
 116:Core/Src/main.c ****   htim1.Init.AutoReloadPreload = TIM_AUTORELOAD_PRELOAD_DISABLE;
 682              		.loc 1 116 3 is_stmt 1 view .LVU231
 116:Core/Src/main.c ****   htim1.Init.AutoReloadPreload = TIM_AUTORELOAD_PRELOAD_DISABLE;
 683              		.loc 1 116 32 is_stmt 0 view .LVU232
 684 0026 4361     		str	r3, [r0, #20]
 117:Core/Src/main.c ****   if (HAL_TIM_Base_Init(&htim1) != HAL_OK)
 685              		.loc 1 117 3 is_stmt 1 view .LVU233
 117:Core/Src/main.c ****   if (HAL_TIM_Base_Init(&htim1) != HAL_OK)
 686              		.loc 1 117 32 is_stmt 0 view .LVU234
 687 0028 8361     		str	r3, [r0, #24]
 118:Core/Src/main.c ****   {
 688              		.loc 1 118 3 is_stmt 1 view .LVU235
 118:Core/Src/main.c ****   {
 689              		.loc 1 118 7 is_stmt 0 view .LVU236
 690 002a FFF7FEFF 		bl	HAL_TIM_Base_Init
 691              	.LVL30:
 118:Core/Src/main.c ****   {
 692              		.loc 1 118 6 view .LVU237
 693 002e 90B9     		cbnz	r0, .L28
 122:Core/Src/main.c ****   if (HAL_TIM_ConfigClockSource(&htim1, &sClockSourceConfig) != HAL_OK)
 694              		.loc 1 122 3 is_stmt 1 view .LVU238
 122:Core/Src/main.c ****   if (HAL_TIM_ConfigClockSource(&htim1, &sClockSourceConfig) != HAL_OK)
 695              		.loc 1 122 34 is_stmt 0 view .LVU239
 696 0030 4FF48053 		mov	r3, #4096
 697 0034 0293     		str	r3, [sp, #8]
 123:Core/Src/main.c ****   {
 698              		.loc 1 123 3 is_stmt 1 view .LVU240
 123:Core/Src/main.c ****   {
 699              		.loc 1 123 7 is_stmt 0 view .LVU241
 700 0036 02A9     		add	r1, sp, #8
 701 0038 0A48     		ldr	r0, .L31
 702 003a FFF7FEFF 		bl	HAL_TIM_ConfigClockSource
 703              	.LVL31:
 123:Core/Src/main.c ****   {
 704              		.loc 1 123 6 view .LVU242
 705 003e 60B9     		cbnz	r0, .L29
ARM GAS  /var/folders/0z/tsy30v1j4xl4_7kw94k978ww0000gn/T//ccsT8YD2.s 			page 22


 127:Core/Src/main.c ****   sMasterConfig.MasterSlaveMode = TIM_MASTERSLAVEMODE_DISABLE;
 706              		.loc 1 127 3 is_stmt 1 view .LVU243
 127:Core/Src/main.c ****   sMasterConfig.MasterSlaveMode = TIM_MASTERSLAVEMODE_DISABLE;
 707              		.loc 1 127 37 is_stmt 0 view .LVU244
 708 0040 0023     		movs	r3, #0
 709 0042 0093     		str	r3, [sp]
 128:Core/Src/main.c ****   if (HAL_TIMEx_MasterConfigSynchronization(&htim1, &sMasterConfig) != HAL_OK)
 710              		.loc 1 128 3 is_stmt 1 view .LVU245
 128:Core/Src/main.c ****   if (HAL_TIMEx_MasterConfigSynchronization(&htim1, &sMasterConfig) != HAL_OK)
 711              		.loc 1 128 33 is_stmt 0 view .LVU246
 712 0044 0193     		str	r3, [sp, #4]
 129:Core/Src/main.c ****   {
 713              		.loc 1 129 3 is_stmt 1 view .LVU247
 129:Core/Src/main.c ****   {
 714              		.loc 1 129 7 is_stmt 0 view .LVU248
 715 0046 6946     		mov	r1, sp
 716 0048 0648     		ldr	r0, .L31
 717 004a FFF7FEFF 		bl	HAL_TIMEx_MasterConfigSynchronization
 718              	.LVL32:
 129:Core/Src/main.c ****   {
 719              		.loc 1 129 6 view .LVU249
 720 004e 30B9     		cbnz	r0, .L30
 137:Core/Src/main.c **** 
 721              		.loc 1 137 1 view .LVU250
 722 0050 07B0     		add	sp, sp, #28
 723              		.cfi_remember_state
 724              		.cfi_def_cfa_offset 4
 725              		@ sp needed
 726 0052 5DF804FB 		ldr	pc, [sp], #4
 727              	.L28:
 728              		.cfi_restore_state
 120:Core/Src/main.c ****   }
 729              		.loc 1 120 5 is_stmt 1 view .LVU251
 730 0056 FFF7FEFF 		bl	Error_Handler
 731              	.LVL33:
 732              	.L29:
 125:Core/Src/main.c ****   }
 733              		.loc 1 125 5 view .LVU252
 734 005a FFF7FEFF 		bl	Error_Handler
 735              	.LVL34:
 736              	.L30:
 131:Core/Src/main.c ****   }
 737              		.loc 1 131 5 view .LVU253
 738 005e FFF7FEFF 		bl	Error_Handler
 739              	.LVL35:
 740              	.L32:
 741 0062 00BF     		.align	2
 742              	.L31:
 743 0064 00000000 		.word	.LANCHOR1
 744 0068 00000140 		.word	1073807360
 745              		.cfi_endproc
 746              	.LFE132:
 748              		.section	.text.SystemClock_Config,"ax",%progbits
 749              		.align	1
 750              		.global	SystemClock_Config
 751              		.syntax unified
 752              		.thumb
ARM GAS  /var/folders/0z/tsy30v1j4xl4_7kw94k978ww0000gn/T//ccsT8YD2.s 			page 23


 753              		.thumb_func
 755              	SystemClock_Config:
 756              	.LFB131:
  53:Core/Src/main.c ****   RCC_OscInitTypeDef RCC_OscInitStruct = {0};
 757              		.loc 1 53 1 view -0
 758              		.cfi_startproc
 759              		@ args = 0, pretend = 0, frame = 80
 760              		@ frame_needed = 0, uses_anonymous_args = 0
 761 0000 00B5     		push	{lr}
 762              		.cfi_def_cfa_offset 4
 763              		.cfi_offset 14, -4
 764 0002 95B0     		sub	sp, sp, #84
 765              		.cfi_def_cfa_offset 88
  54:Core/Src/main.c ****   RCC_ClkInitTypeDef RCC_ClkInitStruct = {0};
 766              		.loc 1 54 3 view .LVU255
  54:Core/Src/main.c ****   RCC_ClkInitTypeDef RCC_ClkInitStruct = {0};
 767              		.loc 1 54 22 is_stmt 0 view .LVU256
 768 0004 3022     		movs	r2, #48
 769 0006 0021     		movs	r1, #0
 770 0008 08A8     		add	r0, sp, #32
 771 000a FFF7FEFF 		bl	memset
 772              	.LVL36:
  55:Core/Src/main.c **** 
 773              		.loc 1 55 3 is_stmt 1 view .LVU257
  55:Core/Src/main.c **** 
 774              		.loc 1 55 22 is_stmt 0 view .LVU258
 775 000e 0023     		movs	r3, #0
 776 0010 0393     		str	r3, [sp, #12]
 777 0012 0493     		str	r3, [sp, #16]
 778 0014 0593     		str	r3, [sp, #20]
 779 0016 0693     		str	r3, [sp, #24]
 780 0018 0793     		str	r3, [sp, #28]
  59:Core/Src/main.c ****   __HAL_PWR_VOLTAGESCALING_CONFIG(PWR_REGULATOR_VOLTAGE_SCALE1);
 781              		.loc 1 59 3 is_stmt 1 view .LVU259
 782              	.LBB12:
  59:Core/Src/main.c ****   __HAL_PWR_VOLTAGESCALING_CONFIG(PWR_REGULATOR_VOLTAGE_SCALE1);
 783              		.loc 1 59 3 view .LVU260
 784 001a 0193     		str	r3, [sp, #4]
  59:Core/Src/main.c ****   __HAL_PWR_VOLTAGESCALING_CONFIG(PWR_REGULATOR_VOLTAGE_SCALE1);
 785              		.loc 1 59 3 view .LVU261
 786 001c 214A     		ldr	r2, .L39
 787 001e 116C     		ldr	r1, [r2, #64]
 788 0020 41F08051 		orr	r1, r1, #268435456
 789 0024 1164     		str	r1, [r2, #64]
  59:Core/Src/main.c ****   __HAL_PWR_VOLTAGESCALING_CONFIG(PWR_REGULATOR_VOLTAGE_SCALE1);
 790              		.loc 1 59 3 view .LVU262
 791 0026 126C     		ldr	r2, [r2, #64]
 792 0028 02F08052 		and	r2, r2, #268435456
 793 002c 0192     		str	r2, [sp, #4]
  59:Core/Src/main.c ****   __HAL_PWR_VOLTAGESCALING_CONFIG(PWR_REGULATOR_VOLTAGE_SCALE1);
 794              		.loc 1 59 3 view .LVU263
 795 002e 019A     		ldr	r2, [sp, #4]
 796              	.LBE12:
  59:Core/Src/main.c ****   __HAL_PWR_VOLTAGESCALING_CONFIG(PWR_REGULATOR_VOLTAGE_SCALE1);
 797              		.loc 1 59 3 view .LVU264
  60:Core/Src/main.c **** 
 798              		.loc 1 60 3 view .LVU265
ARM GAS  /var/folders/0z/tsy30v1j4xl4_7kw94k978ww0000gn/T//ccsT8YD2.s 			page 24


 799              	.LBB13:
  60:Core/Src/main.c **** 
 800              		.loc 1 60 3 view .LVU266
 801 0030 0293     		str	r3, [sp, #8]
  60:Core/Src/main.c **** 
 802              		.loc 1 60 3 view .LVU267
 803 0032 1D4B     		ldr	r3, .L39+4
 804 0034 1A68     		ldr	r2, [r3]
 805 0036 42F48042 		orr	r2, r2, #16384
 806 003a 1A60     		str	r2, [r3]
  60:Core/Src/main.c **** 
 807              		.loc 1 60 3 view .LVU268
 808 003c 1B68     		ldr	r3, [r3]
 809 003e 03F48043 		and	r3, r3, #16384
 810 0042 0293     		str	r3, [sp, #8]
  60:Core/Src/main.c **** 
 811              		.loc 1 60 3 view .LVU269
 812 0044 029B     		ldr	r3, [sp, #8]
 813              	.LBE13:
  60:Core/Src/main.c **** 
 814              		.loc 1 60 3 view .LVU270
  65:Core/Src/main.c ****   RCC_OscInitStruct.HSEState = RCC_HSE_ON;
 815              		.loc 1 65 3 view .LVU271
  65:Core/Src/main.c ****   RCC_OscInitStruct.HSEState = RCC_HSE_ON;
 816              		.loc 1 65 36 is_stmt 0 view .LVU272
 817 0046 0123     		movs	r3, #1
 818 0048 0893     		str	r3, [sp, #32]
  66:Core/Src/main.c ****   RCC_OscInitStruct.PLL.PLLState = RCC_PLL_ON;
 819              		.loc 1 66 3 is_stmt 1 view .LVU273
  66:Core/Src/main.c ****   RCC_OscInitStruct.PLL.PLLState = RCC_PLL_ON;
 820              		.loc 1 66 30 is_stmt 0 view .LVU274
 821 004a 4FF48033 		mov	r3, #65536
 822 004e 0993     		str	r3, [sp, #36]
  67:Core/Src/main.c ****   RCC_OscInitStruct.PLL.PLLSource = RCC_PLLSOURCE_HSE;
 823              		.loc 1 67 3 is_stmt 1 view .LVU275
  67:Core/Src/main.c ****   RCC_OscInitStruct.PLL.PLLSource = RCC_PLLSOURCE_HSE;
 824              		.loc 1 67 34 is_stmt 0 view .LVU276
 825 0050 0223     		movs	r3, #2
 826 0052 0E93     		str	r3, [sp, #56]
  68:Core/Src/main.c ****   RCC_OscInitStruct.PLL.PLLM = 8;
 827              		.loc 1 68 3 is_stmt 1 view .LVU277
  68:Core/Src/main.c ****   RCC_OscInitStruct.PLL.PLLM = 8;
 828              		.loc 1 68 35 is_stmt 0 view .LVU278
 829 0054 4FF48002 		mov	r2, #4194304
 830 0058 0F92     		str	r2, [sp, #60]
  69:Core/Src/main.c ****   RCC_OscInitStruct.PLL.PLLN = 336;
 831              		.loc 1 69 3 is_stmt 1 view .LVU279
  69:Core/Src/main.c ****   RCC_OscInitStruct.PLL.PLLN = 336;
 832              		.loc 1 69 30 is_stmt 0 view .LVU280
 833 005a 0822     		movs	r2, #8
 834 005c 1092     		str	r2, [sp, #64]
  70:Core/Src/main.c ****   RCC_OscInitStruct.PLL.PLLP = RCC_PLLP_DIV2;
 835              		.loc 1 70 3 is_stmt 1 view .LVU281
  70:Core/Src/main.c ****   RCC_OscInitStruct.PLL.PLLP = RCC_PLLP_DIV2;
 836              		.loc 1 70 30 is_stmt 0 view .LVU282
 837 005e 4FF4A872 		mov	r2, #336
 838 0062 1192     		str	r2, [sp, #68]
ARM GAS  /var/folders/0z/tsy30v1j4xl4_7kw94k978ww0000gn/T//ccsT8YD2.s 			page 25


  71:Core/Src/main.c ****   RCC_OscInitStruct.PLL.PLLQ = 7;
 839              		.loc 1 71 3 is_stmt 1 view .LVU283
  71:Core/Src/main.c ****   RCC_OscInitStruct.PLL.PLLQ = 7;
 840              		.loc 1 71 30 is_stmt 0 view .LVU284
 841 0064 1293     		str	r3, [sp, #72]
  72:Core/Src/main.c ****   if (HAL_RCC_OscConfig(&RCC_OscInitStruct) != HAL_OK)
 842              		.loc 1 72 3 is_stmt 1 view .LVU285
  72:Core/Src/main.c ****   if (HAL_RCC_OscConfig(&RCC_OscInitStruct) != HAL_OK)
 843              		.loc 1 72 30 is_stmt 0 view .LVU286
 844 0066 0723     		movs	r3, #7
 845 0068 1393     		str	r3, [sp, #76]
  73:Core/Src/main.c ****   {
 846              		.loc 1 73 3 is_stmt 1 view .LVU287
  73:Core/Src/main.c ****   {
 847              		.loc 1 73 7 is_stmt 0 view .LVU288
 848 006a 08A8     		add	r0, sp, #32
 849 006c FFF7FEFF 		bl	HAL_RCC_OscConfig
 850              	.LVL37:
  73:Core/Src/main.c ****   {
 851              		.loc 1 73 6 view .LVU289
 852 0070 98B9     		cbnz	r0, .L37
  80:Core/Src/main.c ****                               |RCC_CLOCKTYPE_PCLK1|RCC_CLOCKTYPE_PCLK2;
 853              		.loc 1 80 3 is_stmt 1 view .LVU290
  80:Core/Src/main.c ****                               |RCC_CLOCKTYPE_PCLK1|RCC_CLOCKTYPE_PCLK2;
 854              		.loc 1 80 31 is_stmt 0 view .LVU291
 855 0072 0F23     		movs	r3, #15
 856 0074 0393     		str	r3, [sp, #12]
  82:Core/Src/main.c ****   RCC_ClkInitStruct.AHBCLKDivider = RCC_SYSCLK_DIV1;
 857              		.loc 1 82 3 is_stmt 1 view .LVU292
  82:Core/Src/main.c ****   RCC_ClkInitStruct.AHBCLKDivider = RCC_SYSCLK_DIV1;
 858              		.loc 1 82 34 is_stmt 0 view .LVU293
 859 0076 0223     		movs	r3, #2
 860 0078 0493     		str	r3, [sp, #16]
  83:Core/Src/main.c ****   RCC_ClkInitStruct.APB1CLKDivider = RCC_HCLK_DIV4;
 861              		.loc 1 83 3 is_stmt 1 view .LVU294
  83:Core/Src/main.c ****   RCC_ClkInitStruct.APB1CLKDivider = RCC_HCLK_DIV4;
 862              		.loc 1 83 35 is_stmt 0 view .LVU295
 863 007a 0023     		movs	r3, #0
 864 007c 0593     		str	r3, [sp, #20]
  84:Core/Src/main.c ****   RCC_ClkInitStruct.APB2CLKDivider = RCC_HCLK_DIV2;
 865              		.loc 1 84 3 is_stmt 1 view .LVU296
  84:Core/Src/main.c ****   RCC_ClkInitStruct.APB2CLKDivider = RCC_HCLK_DIV2;
 866              		.loc 1 84 36 is_stmt 0 view .LVU297
 867 007e 4FF4A053 		mov	r3, #5120
 868 0082 0693     		str	r3, [sp, #24]
  85:Core/Src/main.c **** 
 869              		.loc 1 85 3 is_stmt 1 view .LVU298
  85:Core/Src/main.c **** 
 870              		.loc 1 85 36 is_stmt 0 view .LVU299
 871 0084 4FF48053 		mov	r3, #4096
 872 0088 0793     		str	r3, [sp, #28]
  87:Core/Src/main.c ****   {
 873              		.loc 1 87 3 is_stmt 1 view .LVU300
  87:Core/Src/main.c ****   {
 874              		.loc 1 87 7 is_stmt 0 view .LVU301
 875 008a 0521     		movs	r1, #5
 876 008c 03A8     		add	r0, sp, #12
ARM GAS  /var/folders/0z/tsy30v1j4xl4_7kw94k978ww0000gn/T//ccsT8YD2.s 			page 26


 877 008e FFF7FEFF 		bl	HAL_RCC_ClockConfig
 878              	.LVL38:
  87:Core/Src/main.c ****   {
 879              		.loc 1 87 6 view .LVU302
 880 0092 20B9     		cbnz	r0, .L38
  91:Core/Src/main.c **** 
 881              		.loc 1 91 1 view .LVU303
 882 0094 15B0     		add	sp, sp, #84
 883              		.cfi_remember_state
 884              		.cfi_def_cfa_offset 4
 885              		@ sp needed
 886 0096 5DF804FB 		ldr	pc, [sp], #4
 887              	.L37:
 888              		.cfi_restore_state
  75:Core/Src/main.c ****   }
 889              		.loc 1 75 5 is_stmt 1 view .LVU304
 890 009a FFF7FEFF 		bl	Error_Handler
 891              	.LVL39:
 892              	.L38:
  89:Core/Src/main.c ****   }
 893              		.loc 1 89 5 view .LVU305
 894 009e FFF7FEFF 		bl	Error_Handler
 895              	.LVL40:
 896              	.L40:
 897 00a2 00BF     		.align	2
 898              	.L39:
 899 00a4 00380240 		.word	1073887232
 900 00a8 00700040 		.word	1073770496
 901              		.cfi_endproc
 902              	.LFE131:
 904              		.section	.text.main,"ax",%progbits
 905              		.align	1
 906              		.global	main
 907              		.syntax unified
 908              		.thumb
 909              		.thumb_func
 911              	main:
 912              	.LFB130:
  32:Core/Src/main.c ****    /* Reset of all peripherals, Initializes the Flash interface and the Systick. */
 913              		.loc 1 32 1 view -0
 914              		.cfi_startproc
 915              		@ Volatile: function does not return.
 916              		@ args = 0, pretend = 0, frame = 0
 917              		@ frame_needed = 0, uses_anonymous_args = 0
 918 0000 08B5     		push	{r3, lr}
 919              		.cfi_def_cfa_offset 8
 920              		.cfi_offset 3, -8
 921              		.cfi_offset 14, -4
  34:Core/Src/main.c **** 
 922              		.loc 1 34 5 view .LVU307
 923 0002 FFF7FEFF 		bl	HAL_Init
 924              	.LVL41:
  37:Core/Src/main.c **** 
 925              		.loc 1 37 5 view .LVU308
 926 0006 FFF7FEFF 		bl	SystemClock_Config
 927              	.LVL42:
  40:Core/Src/main.c ****     MX_TIM1_Init();
ARM GAS  /var/folders/0z/tsy30v1j4xl4_7kw94k978ww0000gn/T//ccsT8YD2.s 			page 27


 928              		.loc 1 40 5 view .LVU309
 929 000a FFF7FEFF 		bl	MX_GPIO_Init
 930              	.LVL43:
  41:Core/Src/main.c **** 
 931              		.loc 1 41 5 view .LVU310
 932 000e FFF7FEFF 		bl	MX_TIM1_Init
 933              	.LVL44:
 934              	.L42:
  43:Core/Src/main.c ****     {
 935              		.loc 1 43 5 discriminator 1 view .LVU311
  45:Core/Src/main.c **** }
 936              		.loc 1 45 5 discriminator 1 view .LVU312
  43:Core/Src/main.c ****     {
 937              		.loc 1 43 11 discriminator 1 view .LVU313
 938 0012 FEE7     		b	.L42
 939              		.cfi_endproc
 940              	.LFE130:
 942              		.global	debounce_flag
 943              		.global	htim1
 944              		.section	.bss.htim1,"aw",%nobits
 945              		.align	2
 946              		.set	.LANCHOR1,. + 0
 949              	htim1:
 950 0000 00000000 		.space	72
 950      00000000 
 950      00000000 
 950      00000000 
 950      00000000 
 951              		.section	.data.debounce_flag,"aw"
 952              		.set	.LANCHOR0,. + 0
 955              	debounce_flag:
 956 0000 01       		.byte	1
 957              		.text
 958              	.Letext0:
 959              		.file 3 "Drivers/CMSIS/Device/ST/STM32F4xx/Include/stm32f407xx.h"
 960              		.file 4 "/Users/johannes/Library/Application Support/Code/User/globalStorage/bmd.stm32-for-vscode/
 961              		.file 5 "/Users/johannes/Library/Application Support/Code/User/globalStorage/bmd.stm32-for-vscode/
 962              		.file 6 "Drivers/STM32F4xx_HAL_Driver/Inc/stm32f4xx_hal_def.h"
 963              		.file 7 "Drivers/STM32F4xx_HAL_Driver/Inc/stm32f4xx_hal_rcc_ex.h"
 964              		.file 8 "Drivers/STM32F4xx_HAL_Driver/Inc/stm32f4xx_hal_rcc.h"
 965              		.file 9 "Drivers/STM32F4xx_HAL_Driver/Inc/stm32f4xx_hal_gpio.h"
 966              		.file 10 "Drivers/STM32F4xx_HAL_Driver/Inc/stm32f4xx_hal_dma.h"
 967              		.file 11 "Drivers/STM32F4xx_HAL_Driver/Inc/stm32f4xx_hal_tim.h"
 968              		.file 12 "Drivers/STM32F4xx_HAL_Driver/Inc/stm32f4xx_hal_tim_ex.h"
 969              		.file 13 "Drivers/STM32F4xx_HAL_Driver/Inc/stm32f4xx_hal_cortex.h"
 970              		.file 14 "Drivers/STM32F4xx_HAL_Driver/Inc/stm32f4xx_hal.h"
 971              		.file 15 "<built-in>"
ARM GAS  /var/folders/0z/tsy30v1j4xl4_7kw94k978ww0000gn/T//ccsT8YD2.s 			page 28


DEFINED SYMBOLS
                            *ABS*:0000000000000000 main.c
/var/folders/0z/tsy30v1j4xl4_7kw94k978ww0000gn/T//ccsT8YD2.s:20     .text.MX_GPIO_Init:0000000000000000 $t
/var/folders/0z/tsy30v1j4xl4_7kw94k978ww0000gn/T//ccsT8YD2.s:25     .text.MX_GPIO_Init:0000000000000000 MX_GPIO_Init
/var/folders/0z/tsy30v1j4xl4_7kw94k978ww0000gn/T//ccsT8YD2.s:470    .text.MX_GPIO_Init:0000000000000208 $d
/var/folders/0z/tsy30v1j4xl4_7kw94k978ww0000gn/T//ccsT8YD2.s:480    .text.HAL_GPIO_EXTI_Callback:0000000000000000 $t
/var/folders/0z/tsy30v1j4xl4_7kw94k978ww0000gn/T//ccsT8YD2.s:486    .text.HAL_GPIO_EXTI_Callback:0000000000000000 HAL_GPIO_EXTI_Callback
/var/folders/0z/tsy30v1j4xl4_7kw94k978ww0000gn/T//ccsT8YD2.s:532    .text.HAL_GPIO_EXTI_Callback:0000000000000020 $d
/var/folders/0z/tsy30v1j4xl4_7kw94k978ww0000gn/T//ccsT8YD2.s:538    .text.HAL_TIM_PeriodElapsedCallback:0000000000000000 $t
/var/folders/0z/tsy30v1j4xl4_7kw94k978ww0000gn/T//ccsT8YD2.s:544    .text.HAL_TIM_PeriodElapsedCallback:0000000000000000 HAL_TIM_PeriodElapsedCallback
/var/folders/0z/tsy30v1j4xl4_7kw94k978ww0000gn/T//ccsT8YD2.s:590    .text.HAL_TIM_PeriodElapsedCallback:0000000000000028 $d
/var/folders/0z/tsy30v1j4xl4_7kw94k978ww0000gn/T//ccsT8YD2.s:598    .text.Error_Handler:0000000000000000 $t
/var/folders/0z/tsy30v1j4xl4_7kw94k978ww0000gn/T//ccsT8YD2.s:604    .text.Error_Handler:0000000000000000 Error_Handler
/var/folders/0z/tsy30v1j4xl4_7kw94k978ww0000gn/T//ccsT8YD2.s:636    .text.MX_TIM1_Init:0000000000000000 $t
/var/folders/0z/tsy30v1j4xl4_7kw94k978ww0000gn/T//ccsT8YD2.s:641    .text.MX_TIM1_Init:0000000000000000 MX_TIM1_Init
/var/folders/0z/tsy30v1j4xl4_7kw94k978ww0000gn/T//ccsT8YD2.s:743    .text.MX_TIM1_Init:0000000000000064 $d
/var/folders/0z/tsy30v1j4xl4_7kw94k978ww0000gn/T//ccsT8YD2.s:749    .text.SystemClock_Config:0000000000000000 $t
/var/folders/0z/tsy30v1j4xl4_7kw94k978ww0000gn/T//ccsT8YD2.s:755    .text.SystemClock_Config:0000000000000000 SystemClock_Config
/var/folders/0z/tsy30v1j4xl4_7kw94k978ww0000gn/T//ccsT8YD2.s:899    .text.SystemClock_Config:00000000000000a4 $d
/var/folders/0z/tsy30v1j4xl4_7kw94k978ww0000gn/T//ccsT8YD2.s:905    .text.main:0000000000000000 $t
/var/folders/0z/tsy30v1j4xl4_7kw94k978ww0000gn/T//ccsT8YD2.s:911    .text.main:0000000000000000 main
/var/folders/0z/tsy30v1j4xl4_7kw94k978ww0000gn/T//ccsT8YD2.s:955    .data.debounce_flag:0000000000000000 debounce_flag
/var/folders/0z/tsy30v1j4xl4_7kw94k978ww0000gn/T//ccsT8YD2.s:949    .bss.htim1:0000000000000000 htim1
/var/folders/0z/tsy30v1j4xl4_7kw94k978ww0000gn/T//ccsT8YD2.s:945    .bss.htim1:0000000000000000 $d

UNDEFINED SYMBOLS
HAL_GPIO_WritePin
HAL_GPIO_Init
HAL_NVIC_SetPriority
HAL_NVIC_EnableIRQ
HAL_TIM_Base_Start_IT
HAL_GPIO_ReadPin
HAL_GPIO_TogglePin
HAL_TIM_Base_Stop_IT
HAL_TIM_Base_Init
HAL_TIM_ConfigClockSource
HAL_TIMEx_MasterConfigSynchronization
memset
HAL_RCC_OscConfig
HAL_RCC_ClockConfig
HAL_Init
