ARM GAS  /var/folders/0z/tsy30v1j4xl4_7kw94k978ww0000gn/T//cc9OBmRQ.s 			page 1


   1              		.cpu cortex-m4
   2              		.arch armv7e-m
   3              		.fpu fpv4-sp-d16
   4              		.eabi_attribute 27, 1
   5              		.eabi_attribute 28, 1
   6              		.eabi_attribute 20, 1
   7              		.eabi_attribute 21, 1
   8              		.eabi_attribute 23, 3
   9              		.eabi_attribute 24, 1
  10              		.eabi_attribute 25, 1
  11              		.eabi_attribute 26, 1
  12              		.eabi_attribute 30, 1
  13              		.eabi_attribute 34, 1
  14              		.eabi_attribute 18, 4
  15              		.file	"stm32f4xx_hal_msp.c"
  16              		.text
  17              	.Ltext0:
  18              		.cfi_sections	.debug_frame
  19              		.section	.text.HAL_MspInit,"ax",%progbits
  20              		.align	1
  21              		.global	HAL_MspInit
  22              		.syntax unified
  23              		.thumb
  24              		.thumb_func
  26              	HAL_MspInit:
  27              	.LFB130:
  28              		.file 1 "Core/Src/stm32f4xx_hal_msp.c"
   1:Core/Src/stm32f4xx_hal_msp.c **** /* USER CODE BEGIN Header */
   2:Core/Src/stm32f4xx_hal_msp.c **** /**
   3:Core/Src/stm32f4xx_hal_msp.c ****   ******************************************************************************
   4:Core/Src/stm32f4xx_hal_msp.c ****   * @file         stm32f4xx_hal_msp.c
   5:Core/Src/stm32f4xx_hal_msp.c ****   * @brief        This file provides code for the MSP Initialization
   6:Core/Src/stm32f4xx_hal_msp.c ****   *               and de-Initialization codes.
   7:Core/Src/stm32f4xx_hal_msp.c ****   ******************************************************************************
   8:Core/Src/stm32f4xx_hal_msp.c ****   * @attention
   9:Core/Src/stm32f4xx_hal_msp.c ****   *
  10:Core/Src/stm32f4xx_hal_msp.c ****   * Copyright (c) 2023 STMicroelectronics.
  11:Core/Src/stm32f4xx_hal_msp.c ****   * All rights reserved.
  12:Core/Src/stm32f4xx_hal_msp.c ****   *
  13:Core/Src/stm32f4xx_hal_msp.c ****   * This software is licensed under terms that can be found in the LICENSE file
  14:Core/Src/stm32f4xx_hal_msp.c ****   * in the root directory of this software component.
  15:Core/Src/stm32f4xx_hal_msp.c ****   * If no LICENSE file comes with this software, it is provided AS-IS.
  16:Core/Src/stm32f4xx_hal_msp.c ****   *
  17:Core/Src/stm32f4xx_hal_msp.c ****   ******************************************************************************
  18:Core/Src/stm32f4xx_hal_msp.c ****   */
  19:Core/Src/stm32f4xx_hal_msp.c **** /* USER CODE END Header */
  20:Core/Src/stm32f4xx_hal_msp.c **** 
  21:Core/Src/stm32f4xx_hal_msp.c **** /* Includes ------------------------------------------------------------------*/
  22:Core/Src/stm32f4xx_hal_msp.c **** #include "main.h"
  23:Core/Src/stm32f4xx_hal_msp.c **** 
  24:Core/Src/stm32f4xx_hal_msp.c **** /* USER CODE BEGIN Includes */
  25:Core/Src/stm32f4xx_hal_msp.c **** 
  26:Core/Src/stm32f4xx_hal_msp.c **** /* USER CODE END Includes */
  27:Core/Src/stm32f4xx_hal_msp.c **** 
  28:Core/Src/stm32f4xx_hal_msp.c **** /* Private typedef -----------------------------------------------------------*/
  29:Core/Src/stm32f4xx_hal_msp.c **** /* USER CODE BEGIN TD */
  30:Core/Src/stm32f4xx_hal_msp.c **** 
ARM GAS  /var/folders/0z/tsy30v1j4xl4_7kw94k978ww0000gn/T//cc9OBmRQ.s 			page 2


  31:Core/Src/stm32f4xx_hal_msp.c **** /* USER CODE END TD */
  32:Core/Src/stm32f4xx_hal_msp.c **** 
  33:Core/Src/stm32f4xx_hal_msp.c **** /* Private define ------------------------------------------------------------*/
  34:Core/Src/stm32f4xx_hal_msp.c **** /* USER CODE BEGIN Define */
  35:Core/Src/stm32f4xx_hal_msp.c **** 
  36:Core/Src/stm32f4xx_hal_msp.c **** /* USER CODE END Define */
  37:Core/Src/stm32f4xx_hal_msp.c **** 
  38:Core/Src/stm32f4xx_hal_msp.c **** /* Private macro -------------------------------------------------------------*/
  39:Core/Src/stm32f4xx_hal_msp.c **** /* USER CODE BEGIN Macro */
  40:Core/Src/stm32f4xx_hal_msp.c **** 
  41:Core/Src/stm32f4xx_hal_msp.c **** /* USER CODE END Macro */
  42:Core/Src/stm32f4xx_hal_msp.c **** 
  43:Core/Src/stm32f4xx_hal_msp.c **** /* Private variables ---------------------------------------------------------*/
  44:Core/Src/stm32f4xx_hal_msp.c **** /* USER CODE BEGIN PV */
  45:Core/Src/stm32f4xx_hal_msp.c **** 
  46:Core/Src/stm32f4xx_hal_msp.c **** /* USER CODE END PV */
  47:Core/Src/stm32f4xx_hal_msp.c **** 
  48:Core/Src/stm32f4xx_hal_msp.c **** /* Private function prototypes -----------------------------------------------*/
  49:Core/Src/stm32f4xx_hal_msp.c **** /* USER CODE BEGIN PFP */
  50:Core/Src/stm32f4xx_hal_msp.c **** 
  51:Core/Src/stm32f4xx_hal_msp.c **** /* USER CODE END PFP */
  52:Core/Src/stm32f4xx_hal_msp.c **** 
  53:Core/Src/stm32f4xx_hal_msp.c **** /* External functions --------------------------------------------------------*/
  54:Core/Src/stm32f4xx_hal_msp.c **** /* USER CODE BEGIN ExternalFunctions */
  55:Core/Src/stm32f4xx_hal_msp.c **** 
  56:Core/Src/stm32f4xx_hal_msp.c **** /* USER CODE END ExternalFunctions */
  57:Core/Src/stm32f4xx_hal_msp.c **** 
  58:Core/Src/stm32f4xx_hal_msp.c **** /* USER CODE BEGIN 0 */
  59:Core/Src/stm32f4xx_hal_msp.c **** 
  60:Core/Src/stm32f4xx_hal_msp.c **** /* USER CODE END 0 */
  61:Core/Src/stm32f4xx_hal_msp.c **** /**
  62:Core/Src/stm32f4xx_hal_msp.c ****   * Initializes the Global MSP.
  63:Core/Src/stm32f4xx_hal_msp.c ****   */
  64:Core/Src/stm32f4xx_hal_msp.c **** void HAL_MspInit(void)
  65:Core/Src/stm32f4xx_hal_msp.c **** {
  29              		.loc 1 65 1 view -0
  30              		.cfi_startproc
  31              		@ args = 0, pretend = 0, frame = 8
  32              		@ frame_needed = 0, uses_anonymous_args = 0
  33 0000 00B5     		push	{lr}
  34              		.cfi_def_cfa_offset 4
  35              		.cfi_offset 14, -4
  36 0002 83B0     		sub	sp, sp, #12
  37              		.cfi_def_cfa_offset 16
  66:Core/Src/stm32f4xx_hal_msp.c ****   /* USER CODE BEGIN MspInit 0 */
  67:Core/Src/stm32f4xx_hal_msp.c **** 
  68:Core/Src/stm32f4xx_hal_msp.c ****   /* USER CODE END MspInit 0 */
  69:Core/Src/stm32f4xx_hal_msp.c **** 
  70:Core/Src/stm32f4xx_hal_msp.c ****   __HAL_RCC_SYSCFG_CLK_ENABLE();
  38              		.loc 1 70 3 view .LVU1
  39              	.LBB2:
  40              		.loc 1 70 3 view .LVU2
  41 0004 0021     		movs	r1, #0
  42 0006 0091     		str	r1, [sp]
  43              		.loc 1 70 3 view .LVU3
  44 0008 0C4B     		ldr	r3, .L3
  45 000a 5A6C     		ldr	r2, [r3, #68]
ARM GAS  /var/folders/0z/tsy30v1j4xl4_7kw94k978ww0000gn/T//cc9OBmRQ.s 			page 3


  46 000c 42F48042 		orr	r2, r2, #16384
  47 0010 5A64     		str	r2, [r3, #68]
  48              		.loc 1 70 3 view .LVU4
  49 0012 5A6C     		ldr	r2, [r3, #68]
  50 0014 02F48042 		and	r2, r2, #16384
  51 0018 0092     		str	r2, [sp]
  52              		.loc 1 70 3 view .LVU5
  53 001a 009A     		ldr	r2, [sp]
  54              	.LBE2:
  55              		.loc 1 70 3 view .LVU6
  71:Core/Src/stm32f4xx_hal_msp.c ****   __HAL_RCC_PWR_CLK_ENABLE();
  56              		.loc 1 71 3 view .LVU7
  57              	.LBB3:
  58              		.loc 1 71 3 view .LVU8
  59 001c 0191     		str	r1, [sp, #4]
  60              		.loc 1 71 3 view .LVU9
  61 001e 1A6C     		ldr	r2, [r3, #64]
  62 0020 42F08052 		orr	r2, r2, #268435456
  63 0024 1A64     		str	r2, [r3, #64]
  64              		.loc 1 71 3 view .LVU10
  65 0026 1B6C     		ldr	r3, [r3, #64]
  66 0028 03F08053 		and	r3, r3, #268435456
  67 002c 0193     		str	r3, [sp, #4]
  68              		.loc 1 71 3 view .LVU11
  69 002e 019B     		ldr	r3, [sp, #4]
  70              	.LBE3:
  71              		.loc 1 71 3 view .LVU12
  72:Core/Src/stm32f4xx_hal_msp.c **** 
  73:Core/Src/stm32f4xx_hal_msp.c ****   HAL_NVIC_SetPriorityGrouping(NVIC_PRIORITYGROUP_0);
  72              		.loc 1 73 3 view .LVU13
  73 0030 0720     		movs	r0, #7
  74 0032 FFF7FEFF 		bl	HAL_NVIC_SetPriorityGrouping
  75              	.LVL0:
  74:Core/Src/stm32f4xx_hal_msp.c **** 
  75:Core/Src/stm32f4xx_hal_msp.c ****   /* System interrupt init*/
  76:Core/Src/stm32f4xx_hal_msp.c **** 
  77:Core/Src/stm32f4xx_hal_msp.c ****   /* USER CODE BEGIN MspInit 1 */
  78:Core/Src/stm32f4xx_hal_msp.c **** 
  79:Core/Src/stm32f4xx_hal_msp.c ****   /* USER CODE END MspInit 1 */
  80:Core/Src/stm32f4xx_hal_msp.c **** }
  76              		.loc 1 80 1 is_stmt 0 view .LVU14
  77 0036 03B0     		add	sp, sp, #12
  78              		.cfi_def_cfa_offset 4
  79              		@ sp needed
  80 0038 5DF804FB 		ldr	pc, [sp], #4
  81              	.L4:
  82              		.align	2
  83              	.L3:
  84 003c 00380240 		.word	1073887232
  85              		.cfi_endproc
  86              	.LFE130:
  88              		.section	.text.HAL_TIM_Base_MspInit,"ax",%progbits
  89              		.align	1
  90              		.global	HAL_TIM_Base_MspInit
  91              		.syntax unified
  92              		.thumb
  93              		.thumb_func
ARM GAS  /var/folders/0z/tsy30v1j4xl4_7kw94k978ww0000gn/T//cc9OBmRQ.s 			page 4


  95              	HAL_TIM_Base_MspInit:
  96              	.LVL1:
  97              	.LFB131:
  81:Core/Src/stm32f4xx_hal_msp.c **** 
  82:Core/Src/stm32f4xx_hal_msp.c **** /**
  83:Core/Src/stm32f4xx_hal_msp.c **** * @brief TIM_Base MSP Initialization
  84:Core/Src/stm32f4xx_hal_msp.c **** * This function configures the hardware resources used in this example
  85:Core/Src/stm32f4xx_hal_msp.c **** * @param htim_base: TIM_Base handle pointer
  86:Core/Src/stm32f4xx_hal_msp.c **** * @retval None
  87:Core/Src/stm32f4xx_hal_msp.c **** */
  88:Core/Src/stm32f4xx_hal_msp.c **** void HAL_TIM_Base_MspInit(TIM_HandleTypeDef* htim_base)
  89:Core/Src/stm32f4xx_hal_msp.c **** {
  98              		.loc 1 89 1 is_stmt 1 view -0
  99              		.cfi_startproc
 100              		@ args = 0, pretend = 0, frame = 8
 101              		@ frame_needed = 0, uses_anonymous_args = 0
 102              		@ link register save eliminated.
  90:Core/Src/stm32f4xx_hal_msp.c ****   if(htim_base->Instance==TIM2)
 103              		.loc 1 90 3 view .LVU16
 104              		.loc 1 90 15 is_stmt 0 view .LVU17
 105 0000 0368     		ldr	r3, [r0]
 106              		.loc 1 90 5 view .LVU18
 107 0002 B3F1804F 		cmp	r3, #1073741824
 108 0006 00D0     		beq	.L11
 109 0008 7047     		bx	lr
 110              	.L11:
  89:Core/Src/stm32f4xx_hal_msp.c ****   if(htim_base->Instance==TIM2)
 111              		.loc 1 89 1 view .LVU19
 112 000a 82B0     		sub	sp, sp, #8
 113              		.cfi_def_cfa_offset 8
  91:Core/Src/stm32f4xx_hal_msp.c ****   {
  92:Core/Src/stm32f4xx_hal_msp.c ****   /* USER CODE BEGIN TIM2_MspInit 0 */
  93:Core/Src/stm32f4xx_hal_msp.c **** 
  94:Core/Src/stm32f4xx_hal_msp.c ****   /* USER CODE END TIM2_MspInit 0 */
  95:Core/Src/stm32f4xx_hal_msp.c ****     /* Peripheral clock enable */
  96:Core/Src/stm32f4xx_hal_msp.c ****     __HAL_RCC_TIM2_CLK_ENABLE();
 114              		.loc 1 96 5 is_stmt 1 view .LVU20
 115              	.LBB4:
 116              		.loc 1 96 5 view .LVU21
 117 000c 0023     		movs	r3, #0
 118 000e 0193     		str	r3, [sp, #4]
 119              		.loc 1 96 5 view .LVU22
 120 0010 054B     		ldr	r3, .L12
 121 0012 1A6C     		ldr	r2, [r3, #64]
 122 0014 42F00102 		orr	r2, r2, #1
 123 0018 1A64     		str	r2, [r3, #64]
 124              		.loc 1 96 5 view .LVU23
 125 001a 1B6C     		ldr	r3, [r3, #64]
 126 001c 03F00103 		and	r3, r3, #1
 127 0020 0193     		str	r3, [sp, #4]
 128              		.loc 1 96 5 view .LVU24
 129 0022 019B     		ldr	r3, [sp, #4]
 130              	.LBE4:
 131              		.loc 1 96 5 view .LVU25
  97:Core/Src/stm32f4xx_hal_msp.c ****   /* USER CODE BEGIN TIM2_MspInit 1 */
  98:Core/Src/stm32f4xx_hal_msp.c **** 
  99:Core/Src/stm32f4xx_hal_msp.c ****   /* USER CODE END TIM2_MspInit 1 */
ARM GAS  /var/folders/0z/tsy30v1j4xl4_7kw94k978ww0000gn/T//cc9OBmRQ.s 			page 5


 100:Core/Src/stm32f4xx_hal_msp.c ****   }
 101:Core/Src/stm32f4xx_hal_msp.c **** 
 102:Core/Src/stm32f4xx_hal_msp.c **** }
 132              		.loc 1 102 1 is_stmt 0 view .LVU26
 133 0024 02B0     		add	sp, sp, #8
 134              		.cfi_def_cfa_offset 0
 135              		@ sp needed
 136 0026 7047     		bx	lr
 137              	.L13:
 138              		.align	2
 139              	.L12:
 140 0028 00380240 		.word	1073887232
 141              		.cfi_endproc
 142              	.LFE131:
 144              		.section	.text.HAL_TIM_Base_MspDeInit,"ax",%progbits
 145              		.align	1
 146              		.global	HAL_TIM_Base_MspDeInit
 147              		.syntax unified
 148              		.thumb
 149              		.thumb_func
 151              	HAL_TIM_Base_MspDeInit:
 152              	.LVL2:
 153              	.LFB132:
 103:Core/Src/stm32f4xx_hal_msp.c **** 
 104:Core/Src/stm32f4xx_hal_msp.c **** /**
 105:Core/Src/stm32f4xx_hal_msp.c **** * @brief TIM_Base MSP De-Initialization
 106:Core/Src/stm32f4xx_hal_msp.c **** * This function freeze the hardware resources used in this example
 107:Core/Src/stm32f4xx_hal_msp.c **** * @param htim_base: TIM_Base handle pointer
 108:Core/Src/stm32f4xx_hal_msp.c **** * @retval None
 109:Core/Src/stm32f4xx_hal_msp.c **** */
 110:Core/Src/stm32f4xx_hal_msp.c **** void HAL_TIM_Base_MspDeInit(TIM_HandleTypeDef* htim_base)
 111:Core/Src/stm32f4xx_hal_msp.c **** {
 154              		.loc 1 111 1 is_stmt 1 view -0
 155              		.cfi_startproc
 156              		@ args = 0, pretend = 0, frame = 0
 157              		@ frame_needed = 0, uses_anonymous_args = 0
 158              		@ link register save eliminated.
 112:Core/Src/stm32f4xx_hal_msp.c ****   if(htim_base->Instance==TIM2)
 159              		.loc 1 112 3 view .LVU28
 160              		.loc 1 112 15 is_stmt 0 view .LVU29
 161 0000 0368     		ldr	r3, [r0]
 162              		.loc 1 112 5 view .LVU30
 163 0002 B3F1804F 		cmp	r3, #1073741824
 164 0006 00D0     		beq	.L16
 165              	.L14:
 113:Core/Src/stm32f4xx_hal_msp.c ****   {
 114:Core/Src/stm32f4xx_hal_msp.c ****   /* USER CODE BEGIN TIM2_MspDeInit 0 */
 115:Core/Src/stm32f4xx_hal_msp.c **** 
 116:Core/Src/stm32f4xx_hal_msp.c ****   /* USER CODE END TIM2_MspDeInit 0 */
 117:Core/Src/stm32f4xx_hal_msp.c ****     /* Peripheral clock disable */
 118:Core/Src/stm32f4xx_hal_msp.c ****     __HAL_RCC_TIM2_CLK_DISABLE();
 119:Core/Src/stm32f4xx_hal_msp.c ****   /* USER CODE BEGIN TIM2_MspDeInit 1 */
 120:Core/Src/stm32f4xx_hal_msp.c **** 
 121:Core/Src/stm32f4xx_hal_msp.c ****   /* USER CODE END TIM2_MspDeInit 1 */
 122:Core/Src/stm32f4xx_hal_msp.c ****   }
 123:Core/Src/stm32f4xx_hal_msp.c **** 
 124:Core/Src/stm32f4xx_hal_msp.c **** }
ARM GAS  /var/folders/0z/tsy30v1j4xl4_7kw94k978ww0000gn/T//cc9OBmRQ.s 			page 6


 166              		.loc 1 124 1 view .LVU31
 167 0008 7047     		bx	lr
 168              	.L16:
 118:Core/Src/stm32f4xx_hal_msp.c ****   /* USER CODE BEGIN TIM2_MspDeInit 1 */
 169              		.loc 1 118 5 is_stmt 1 view .LVU32
 170 000a 034A     		ldr	r2, .L17
 171 000c 136C     		ldr	r3, [r2, #64]
 172 000e 23F00103 		bic	r3, r3, #1
 173 0012 1364     		str	r3, [r2, #64]
 174              		.loc 1 124 1 is_stmt 0 view .LVU33
 175 0014 F8E7     		b	.L14
 176              	.L18:
 177 0016 00BF     		.align	2
 178              	.L17:
 179 0018 00380240 		.word	1073887232
 180              		.cfi_endproc
 181              	.LFE132:
 183              		.section	.text.HAL_UART_MspInit,"ax",%progbits
 184              		.align	1
 185              		.global	HAL_UART_MspInit
 186              		.syntax unified
 187              		.thumb
 188              		.thumb_func
 190              	HAL_UART_MspInit:
 191              	.LVL3:
 192              	.LFB133:
 125:Core/Src/stm32f4xx_hal_msp.c **** 
 126:Core/Src/stm32f4xx_hal_msp.c **** /**
 127:Core/Src/stm32f4xx_hal_msp.c **** * @brief UART MSP Initialization
 128:Core/Src/stm32f4xx_hal_msp.c **** * This function configures the hardware resources used in this example
 129:Core/Src/stm32f4xx_hal_msp.c **** * @param huart: UART handle pointer
 130:Core/Src/stm32f4xx_hal_msp.c **** * @retval None
 131:Core/Src/stm32f4xx_hal_msp.c **** */
 132:Core/Src/stm32f4xx_hal_msp.c **** void HAL_UART_MspInit(UART_HandleTypeDef* huart)
 133:Core/Src/stm32f4xx_hal_msp.c **** {
 193              		.loc 1 133 1 is_stmt 1 view -0
 194              		.cfi_startproc
 195              		@ args = 0, pretend = 0, frame = 32
 196              		@ frame_needed = 0, uses_anonymous_args = 0
 197              		.loc 1 133 1 is_stmt 0 view .LVU35
 198 0000 F0B5     		push	{r4, r5, r6, r7, lr}
 199              		.cfi_def_cfa_offset 20
 200              		.cfi_offset 4, -20
 201              		.cfi_offset 5, -16
 202              		.cfi_offset 6, -12
 203              		.cfi_offset 7, -8
 204              		.cfi_offset 14, -4
 205 0002 89B0     		sub	sp, sp, #36
 206              		.cfi_def_cfa_offset 56
 134:Core/Src/stm32f4xx_hal_msp.c ****   GPIO_InitTypeDef GPIO_InitStruct = {0};
 207              		.loc 1 134 3 is_stmt 1 view .LVU36
 208              		.loc 1 134 20 is_stmt 0 view .LVU37
 209 0004 0023     		movs	r3, #0
 210 0006 0393     		str	r3, [sp, #12]
 211 0008 0493     		str	r3, [sp, #16]
 212 000a 0593     		str	r3, [sp, #20]
 213 000c 0693     		str	r3, [sp, #24]
ARM GAS  /var/folders/0z/tsy30v1j4xl4_7kw94k978ww0000gn/T//cc9OBmRQ.s 			page 7


 214 000e 0793     		str	r3, [sp, #28]
 135:Core/Src/stm32f4xx_hal_msp.c ****   if(huart->Instance==USART3)
 215              		.loc 1 135 3 is_stmt 1 view .LVU38
 216              		.loc 1 135 11 is_stmt 0 view .LVU39
 217 0010 0268     		ldr	r2, [r0]
 218              		.loc 1 135 5 view .LVU40
 219 0012 1F4B     		ldr	r3, .L23
 220 0014 9A42     		cmp	r2, r3
 221 0016 01D0     		beq	.L22
 222              	.LVL4:
 223              	.L19:
 136:Core/Src/stm32f4xx_hal_msp.c ****   {
 137:Core/Src/stm32f4xx_hal_msp.c ****   /* USER CODE BEGIN USART3_MspInit 0 */
 138:Core/Src/stm32f4xx_hal_msp.c **** 
 139:Core/Src/stm32f4xx_hal_msp.c ****   /* USER CODE END USART3_MspInit 0 */
 140:Core/Src/stm32f4xx_hal_msp.c ****     /* Peripheral clock enable */
 141:Core/Src/stm32f4xx_hal_msp.c ****     __HAL_RCC_USART3_CLK_ENABLE();
 142:Core/Src/stm32f4xx_hal_msp.c **** 
 143:Core/Src/stm32f4xx_hal_msp.c ****     __HAL_RCC_GPIOB_CLK_ENABLE();
 144:Core/Src/stm32f4xx_hal_msp.c ****     __HAL_RCC_GPIOD_CLK_ENABLE();
 145:Core/Src/stm32f4xx_hal_msp.c ****     /**USART3 GPIO Configuration
 146:Core/Src/stm32f4xx_hal_msp.c ****     PB11     ------> USART3_RX
 147:Core/Src/stm32f4xx_hal_msp.c ****     PD8     ------> USART3_TX
 148:Core/Src/stm32f4xx_hal_msp.c ****     */
 149:Core/Src/stm32f4xx_hal_msp.c ****     GPIO_InitStruct.Pin = GPIO_PIN_11;
 150:Core/Src/stm32f4xx_hal_msp.c ****     GPIO_InitStruct.Mode = GPIO_MODE_AF_PP;
 151:Core/Src/stm32f4xx_hal_msp.c ****     GPIO_InitStruct.Pull = GPIO_NOPULL;
 152:Core/Src/stm32f4xx_hal_msp.c ****     GPIO_InitStruct.Speed = GPIO_SPEED_FREQ_VERY_HIGH;
 153:Core/Src/stm32f4xx_hal_msp.c ****     GPIO_InitStruct.Alternate = GPIO_AF7_USART3;
 154:Core/Src/stm32f4xx_hal_msp.c ****     HAL_GPIO_Init(GPIOB, &GPIO_InitStruct);
 155:Core/Src/stm32f4xx_hal_msp.c **** 
 156:Core/Src/stm32f4xx_hal_msp.c ****     GPIO_InitStruct.Pin = GPIO_PIN_8;
 157:Core/Src/stm32f4xx_hal_msp.c ****     GPIO_InitStruct.Mode = GPIO_MODE_AF_PP;
 158:Core/Src/stm32f4xx_hal_msp.c ****     GPIO_InitStruct.Pull = GPIO_NOPULL;
 159:Core/Src/stm32f4xx_hal_msp.c ****     GPIO_InitStruct.Speed = GPIO_SPEED_FREQ_VERY_HIGH;
 160:Core/Src/stm32f4xx_hal_msp.c ****     GPIO_InitStruct.Alternate = GPIO_AF7_USART3;
 161:Core/Src/stm32f4xx_hal_msp.c ****     HAL_GPIO_Init(GPIOD, &GPIO_InitStruct);
 162:Core/Src/stm32f4xx_hal_msp.c **** 
 163:Core/Src/stm32f4xx_hal_msp.c ****   /* USER CODE BEGIN USART3_MspInit 1 */
 164:Core/Src/stm32f4xx_hal_msp.c **** 
 165:Core/Src/stm32f4xx_hal_msp.c ****   /* USER CODE END USART3_MspInit 1 */
 166:Core/Src/stm32f4xx_hal_msp.c ****   }
 167:Core/Src/stm32f4xx_hal_msp.c **** 
 168:Core/Src/stm32f4xx_hal_msp.c **** }
 224              		.loc 1 168 1 view .LVU41
 225 0018 09B0     		add	sp, sp, #36
 226              		.cfi_remember_state
 227              		.cfi_def_cfa_offset 20
 228              		@ sp needed
 229 001a F0BD     		pop	{r4, r5, r6, r7, pc}
 230              	.LVL5:
 231              	.L22:
 232              		.cfi_restore_state
 141:Core/Src/stm32f4xx_hal_msp.c **** 
 233              		.loc 1 141 5 is_stmt 1 view .LVU42
 234              	.LBB5:
 141:Core/Src/stm32f4xx_hal_msp.c **** 
ARM GAS  /var/folders/0z/tsy30v1j4xl4_7kw94k978ww0000gn/T//cc9OBmRQ.s 			page 8


 235              		.loc 1 141 5 view .LVU43
 236 001c 0024     		movs	r4, #0
 237 001e 0094     		str	r4, [sp]
 141:Core/Src/stm32f4xx_hal_msp.c **** 
 238              		.loc 1 141 5 view .LVU44
 239 0020 03F5F833 		add	r3, r3, #126976
 240 0024 1A6C     		ldr	r2, [r3, #64]
 241 0026 42F48022 		orr	r2, r2, #262144
 242 002a 1A64     		str	r2, [r3, #64]
 141:Core/Src/stm32f4xx_hal_msp.c **** 
 243              		.loc 1 141 5 view .LVU45
 244 002c 1A6C     		ldr	r2, [r3, #64]
 245 002e 02F48022 		and	r2, r2, #262144
 246 0032 0092     		str	r2, [sp]
 141:Core/Src/stm32f4xx_hal_msp.c **** 
 247              		.loc 1 141 5 view .LVU46
 248 0034 009A     		ldr	r2, [sp]
 249              	.LBE5:
 141:Core/Src/stm32f4xx_hal_msp.c **** 
 250              		.loc 1 141 5 view .LVU47
 143:Core/Src/stm32f4xx_hal_msp.c ****     __HAL_RCC_GPIOD_CLK_ENABLE();
 251              		.loc 1 143 5 view .LVU48
 252              	.LBB6:
 143:Core/Src/stm32f4xx_hal_msp.c ****     __HAL_RCC_GPIOD_CLK_ENABLE();
 253              		.loc 1 143 5 view .LVU49
 254 0036 0194     		str	r4, [sp, #4]
 143:Core/Src/stm32f4xx_hal_msp.c ****     __HAL_RCC_GPIOD_CLK_ENABLE();
 255              		.loc 1 143 5 view .LVU50
 256 0038 1A6B     		ldr	r2, [r3, #48]
 257 003a 42F00202 		orr	r2, r2, #2
 258 003e 1A63     		str	r2, [r3, #48]
 143:Core/Src/stm32f4xx_hal_msp.c ****     __HAL_RCC_GPIOD_CLK_ENABLE();
 259              		.loc 1 143 5 view .LVU51
 260 0040 1A6B     		ldr	r2, [r3, #48]
 261 0042 02F00202 		and	r2, r2, #2
 262 0046 0192     		str	r2, [sp, #4]
 143:Core/Src/stm32f4xx_hal_msp.c ****     __HAL_RCC_GPIOD_CLK_ENABLE();
 263              		.loc 1 143 5 view .LVU52
 264 0048 019A     		ldr	r2, [sp, #4]
 265              	.LBE6:
 143:Core/Src/stm32f4xx_hal_msp.c ****     __HAL_RCC_GPIOD_CLK_ENABLE();
 266              		.loc 1 143 5 view .LVU53
 144:Core/Src/stm32f4xx_hal_msp.c ****     /**USART3 GPIO Configuration
 267              		.loc 1 144 5 view .LVU54
 268              	.LBB7:
 144:Core/Src/stm32f4xx_hal_msp.c ****     /**USART3 GPIO Configuration
 269              		.loc 1 144 5 view .LVU55
 270 004a 0294     		str	r4, [sp, #8]
 144:Core/Src/stm32f4xx_hal_msp.c ****     /**USART3 GPIO Configuration
 271              		.loc 1 144 5 view .LVU56
 272 004c 1A6B     		ldr	r2, [r3, #48]
 273 004e 42F00802 		orr	r2, r2, #8
 274 0052 1A63     		str	r2, [r3, #48]
 144:Core/Src/stm32f4xx_hal_msp.c ****     /**USART3 GPIO Configuration
 275              		.loc 1 144 5 view .LVU57
 276 0054 1B6B     		ldr	r3, [r3, #48]
 277 0056 03F00803 		and	r3, r3, #8
ARM GAS  /var/folders/0z/tsy30v1j4xl4_7kw94k978ww0000gn/T//cc9OBmRQ.s 			page 9


 278 005a 0293     		str	r3, [sp, #8]
 144:Core/Src/stm32f4xx_hal_msp.c ****     /**USART3 GPIO Configuration
 279              		.loc 1 144 5 view .LVU58
 280 005c 029B     		ldr	r3, [sp, #8]
 281              	.LBE7:
 144:Core/Src/stm32f4xx_hal_msp.c ****     /**USART3 GPIO Configuration
 282              		.loc 1 144 5 view .LVU59
 149:Core/Src/stm32f4xx_hal_msp.c ****     GPIO_InitStruct.Mode = GPIO_MODE_AF_PP;
 283              		.loc 1 149 5 view .LVU60
 149:Core/Src/stm32f4xx_hal_msp.c ****     GPIO_InitStruct.Mode = GPIO_MODE_AF_PP;
 284              		.loc 1 149 25 is_stmt 0 view .LVU61
 285 005e 4FF40063 		mov	r3, #2048
 286 0062 0393     		str	r3, [sp, #12]
 150:Core/Src/stm32f4xx_hal_msp.c ****     GPIO_InitStruct.Pull = GPIO_NOPULL;
 287              		.loc 1 150 5 is_stmt 1 view .LVU62
 150:Core/Src/stm32f4xx_hal_msp.c ****     GPIO_InitStruct.Pull = GPIO_NOPULL;
 288              		.loc 1 150 26 is_stmt 0 view .LVU63
 289 0064 0227     		movs	r7, #2
 290 0066 0497     		str	r7, [sp, #16]
 151:Core/Src/stm32f4xx_hal_msp.c ****     GPIO_InitStruct.Speed = GPIO_SPEED_FREQ_VERY_HIGH;
 291              		.loc 1 151 5 is_stmt 1 view .LVU64
 152:Core/Src/stm32f4xx_hal_msp.c ****     GPIO_InitStruct.Alternate = GPIO_AF7_USART3;
 292              		.loc 1 152 5 view .LVU65
 152:Core/Src/stm32f4xx_hal_msp.c ****     GPIO_InitStruct.Alternate = GPIO_AF7_USART3;
 293              		.loc 1 152 27 is_stmt 0 view .LVU66
 294 0068 0326     		movs	r6, #3
 295 006a 0696     		str	r6, [sp, #24]
 153:Core/Src/stm32f4xx_hal_msp.c ****     HAL_GPIO_Init(GPIOB, &GPIO_InitStruct);
 296              		.loc 1 153 5 is_stmt 1 view .LVU67
 153:Core/Src/stm32f4xx_hal_msp.c ****     HAL_GPIO_Init(GPIOB, &GPIO_InitStruct);
 297              		.loc 1 153 31 is_stmt 0 view .LVU68
 298 006c 0725     		movs	r5, #7
 299 006e 0795     		str	r5, [sp, #28]
 154:Core/Src/stm32f4xx_hal_msp.c **** 
 300              		.loc 1 154 5 is_stmt 1 view .LVU69
 301 0070 03A9     		add	r1, sp, #12
 302 0072 0848     		ldr	r0, .L23+4
 303              	.LVL6:
 154:Core/Src/stm32f4xx_hal_msp.c **** 
 304              		.loc 1 154 5 is_stmt 0 view .LVU70
 305 0074 FFF7FEFF 		bl	HAL_GPIO_Init
 306              	.LVL7:
 156:Core/Src/stm32f4xx_hal_msp.c ****     GPIO_InitStruct.Mode = GPIO_MODE_AF_PP;
 307              		.loc 1 156 5 is_stmt 1 view .LVU71
 156:Core/Src/stm32f4xx_hal_msp.c ****     GPIO_InitStruct.Mode = GPIO_MODE_AF_PP;
 308              		.loc 1 156 25 is_stmt 0 view .LVU72
 309 0078 4FF48073 		mov	r3, #256
 310 007c 0393     		str	r3, [sp, #12]
 157:Core/Src/stm32f4xx_hal_msp.c ****     GPIO_InitStruct.Pull = GPIO_NOPULL;
 311              		.loc 1 157 5 is_stmt 1 view .LVU73
 157:Core/Src/stm32f4xx_hal_msp.c ****     GPIO_InitStruct.Pull = GPIO_NOPULL;
 312              		.loc 1 157 26 is_stmt 0 view .LVU74
 313 007e 0497     		str	r7, [sp, #16]
 158:Core/Src/stm32f4xx_hal_msp.c ****     GPIO_InitStruct.Speed = GPIO_SPEED_FREQ_VERY_HIGH;
 314              		.loc 1 158 5 is_stmt 1 view .LVU75
 158:Core/Src/stm32f4xx_hal_msp.c ****     GPIO_InitStruct.Speed = GPIO_SPEED_FREQ_VERY_HIGH;
 315              		.loc 1 158 26 is_stmt 0 view .LVU76
ARM GAS  /var/folders/0z/tsy30v1j4xl4_7kw94k978ww0000gn/T//cc9OBmRQ.s 			page 10


 316 0080 0594     		str	r4, [sp, #20]
 159:Core/Src/stm32f4xx_hal_msp.c ****     GPIO_InitStruct.Alternate = GPIO_AF7_USART3;
 317              		.loc 1 159 5 is_stmt 1 view .LVU77
 159:Core/Src/stm32f4xx_hal_msp.c ****     GPIO_InitStruct.Alternate = GPIO_AF7_USART3;
 318              		.loc 1 159 27 is_stmt 0 view .LVU78
 319 0082 0696     		str	r6, [sp, #24]
 160:Core/Src/stm32f4xx_hal_msp.c ****     HAL_GPIO_Init(GPIOD, &GPIO_InitStruct);
 320              		.loc 1 160 5 is_stmt 1 view .LVU79
 160:Core/Src/stm32f4xx_hal_msp.c ****     HAL_GPIO_Init(GPIOD, &GPIO_InitStruct);
 321              		.loc 1 160 31 is_stmt 0 view .LVU80
 322 0084 0795     		str	r5, [sp, #28]
 161:Core/Src/stm32f4xx_hal_msp.c **** 
 323              		.loc 1 161 5 is_stmt 1 view .LVU81
 324 0086 03A9     		add	r1, sp, #12
 325 0088 0348     		ldr	r0, .L23+8
 326 008a FFF7FEFF 		bl	HAL_GPIO_Init
 327              	.LVL8:
 328              		.loc 1 168 1 is_stmt 0 view .LVU82
 329 008e C3E7     		b	.L19
 330              	.L24:
 331              		.align	2
 332              	.L23:
 333 0090 00480040 		.word	1073760256
 334 0094 00040240 		.word	1073873920
 335 0098 000C0240 		.word	1073875968
 336              		.cfi_endproc
 337              	.LFE133:
 339              		.section	.text.HAL_UART_MspDeInit,"ax",%progbits
 340              		.align	1
 341              		.global	HAL_UART_MspDeInit
 342              		.syntax unified
 343              		.thumb
 344              		.thumb_func
 346              	HAL_UART_MspDeInit:
 347              	.LVL9:
 348              	.LFB134:
 169:Core/Src/stm32f4xx_hal_msp.c **** 
 170:Core/Src/stm32f4xx_hal_msp.c **** /**
 171:Core/Src/stm32f4xx_hal_msp.c **** * @brief UART MSP De-Initialization
 172:Core/Src/stm32f4xx_hal_msp.c **** * This function freeze the hardware resources used in this example
 173:Core/Src/stm32f4xx_hal_msp.c **** * @param huart: UART handle pointer
 174:Core/Src/stm32f4xx_hal_msp.c **** * @retval None
 175:Core/Src/stm32f4xx_hal_msp.c **** */
 176:Core/Src/stm32f4xx_hal_msp.c **** void HAL_UART_MspDeInit(UART_HandleTypeDef* huart)
 177:Core/Src/stm32f4xx_hal_msp.c **** {
 349              		.loc 1 177 1 is_stmt 1 view -0
 350              		.cfi_startproc
 351              		@ args = 0, pretend = 0, frame = 0
 352              		@ frame_needed = 0, uses_anonymous_args = 0
 353              		.loc 1 177 1 is_stmt 0 view .LVU84
 354 0000 08B5     		push	{r3, lr}
 355              		.cfi_def_cfa_offset 8
 356              		.cfi_offset 3, -8
 357              		.cfi_offset 14, -4
 178:Core/Src/stm32f4xx_hal_msp.c ****   if(huart->Instance==USART3)
 358              		.loc 1 178 3 is_stmt 1 view .LVU85
 359              		.loc 1 178 11 is_stmt 0 view .LVU86
ARM GAS  /var/folders/0z/tsy30v1j4xl4_7kw94k978ww0000gn/T//cc9OBmRQ.s 			page 11


 360 0002 0268     		ldr	r2, [r0]
 361              		.loc 1 178 5 view .LVU87
 362 0004 094B     		ldr	r3, .L29
 363 0006 9A42     		cmp	r2, r3
 364 0008 00D0     		beq	.L28
 365              	.LVL10:
 366              	.L25:
 179:Core/Src/stm32f4xx_hal_msp.c ****   {
 180:Core/Src/stm32f4xx_hal_msp.c ****   /* USER CODE BEGIN USART3_MspDeInit 0 */
 181:Core/Src/stm32f4xx_hal_msp.c **** 
 182:Core/Src/stm32f4xx_hal_msp.c ****   /* USER CODE END USART3_MspDeInit 0 */
 183:Core/Src/stm32f4xx_hal_msp.c ****     /* Peripheral clock disable */
 184:Core/Src/stm32f4xx_hal_msp.c ****     __HAL_RCC_USART3_CLK_DISABLE();
 185:Core/Src/stm32f4xx_hal_msp.c **** 
 186:Core/Src/stm32f4xx_hal_msp.c ****     /**USART3 GPIO Configuration
 187:Core/Src/stm32f4xx_hal_msp.c ****     PB11     ------> USART3_RX
 188:Core/Src/stm32f4xx_hal_msp.c ****     PD8     ------> USART3_TX
 189:Core/Src/stm32f4xx_hal_msp.c ****     */
 190:Core/Src/stm32f4xx_hal_msp.c ****     HAL_GPIO_DeInit(GPIOB, GPIO_PIN_11);
 191:Core/Src/stm32f4xx_hal_msp.c **** 
 192:Core/Src/stm32f4xx_hal_msp.c ****     HAL_GPIO_DeInit(GPIOD, GPIO_PIN_8);
 193:Core/Src/stm32f4xx_hal_msp.c **** 
 194:Core/Src/stm32f4xx_hal_msp.c ****   /* USER CODE BEGIN USART3_MspDeInit 1 */
 195:Core/Src/stm32f4xx_hal_msp.c **** 
 196:Core/Src/stm32f4xx_hal_msp.c ****   /* USER CODE END USART3_MspDeInit 1 */
 197:Core/Src/stm32f4xx_hal_msp.c ****   }
 198:Core/Src/stm32f4xx_hal_msp.c **** 
 199:Core/Src/stm32f4xx_hal_msp.c **** }
 367              		.loc 1 199 1 view .LVU88
 368 000a 08BD     		pop	{r3, pc}
 369              	.LVL11:
 370              	.L28:
 184:Core/Src/stm32f4xx_hal_msp.c **** 
 371              		.loc 1 184 5 is_stmt 1 view .LVU89
 372 000c 084A     		ldr	r2, .L29+4
 373 000e 136C     		ldr	r3, [r2, #64]
 374 0010 23F48023 		bic	r3, r3, #262144
 375 0014 1364     		str	r3, [r2, #64]
 190:Core/Src/stm32f4xx_hal_msp.c **** 
 376              		.loc 1 190 5 view .LVU90
 377 0016 4FF40061 		mov	r1, #2048
 378 001a 0648     		ldr	r0, .L29+8
 379              	.LVL12:
 190:Core/Src/stm32f4xx_hal_msp.c **** 
 380              		.loc 1 190 5 is_stmt 0 view .LVU91
 381 001c FFF7FEFF 		bl	HAL_GPIO_DeInit
 382              	.LVL13:
 192:Core/Src/stm32f4xx_hal_msp.c **** 
 383              		.loc 1 192 5 is_stmt 1 view .LVU92
 384 0020 4FF48071 		mov	r1, #256
 385 0024 0448     		ldr	r0, .L29+12
 386 0026 FFF7FEFF 		bl	HAL_GPIO_DeInit
 387              	.LVL14:
 388              		.loc 1 199 1 is_stmt 0 view .LVU93
 389 002a EEE7     		b	.L25
 390              	.L30:
 391              		.align	2
ARM GAS  /var/folders/0z/tsy30v1j4xl4_7kw94k978ww0000gn/T//cc9OBmRQ.s 			page 12


 392              	.L29:
 393 002c 00480040 		.word	1073760256
 394 0030 00380240 		.word	1073887232
 395 0034 00040240 		.word	1073873920
 396 0038 000C0240 		.word	1073875968
 397              		.cfi_endproc
 398              	.LFE134:
 400              		.text
 401              	.Letext0:
 402              		.file 2 "/Users/johannes/Library/Application Support/Code/User/globalStorage/bmd.stm32-for-vscode/
 403              		.file 3 "/Users/johannes/Library/Application Support/Code/User/globalStorage/bmd.stm32-for-vscode/
 404              		.file 4 "Drivers/CMSIS/Device/ST/STM32F4xx/Include/stm32f407xx.h"
 405              		.file 5 "Drivers/STM32F4xx_HAL_Driver/Inc/stm32f4xx_hal_def.h"
 406              		.file 6 "Drivers/STM32F4xx_HAL_Driver/Inc/stm32f4xx_hal_gpio.h"
 407              		.file 7 "Drivers/STM32F4xx_HAL_Driver/Inc/stm32f4xx_hal_dma.h"
 408              		.file 8 "Drivers/STM32F4xx_HAL_Driver/Inc/stm32f4xx_hal_tim.h"
 409              		.file 9 "Drivers/STM32F4xx_HAL_Driver/Inc/stm32f4xx_hal_uart.h"
 410              		.file 10 "Drivers/STM32F4xx_HAL_Driver/Inc/stm32f4xx_hal_cortex.h"
ARM GAS  /var/folders/0z/tsy30v1j4xl4_7kw94k978ww0000gn/T//cc9OBmRQ.s 			page 13


DEFINED SYMBOLS
                            *ABS*:0000000000000000 stm32f4xx_hal_msp.c
/var/folders/0z/tsy30v1j4xl4_7kw94k978ww0000gn/T//cc9OBmRQ.s:20     .text.HAL_MspInit:0000000000000000 $t
/var/folders/0z/tsy30v1j4xl4_7kw94k978ww0000gn/T//cc9OBmRQ.s:26     .text.HAL_MspInit:0000000000000000 HAL_MspInit
/var/folders/0z/tsy30v1j4xl4_7kw94k978ww0000gn/T//cc9OBmRQ.s:84     .text.HAL_MspInit:000000000000003c $d
/var/folders/0z/tsy30v1j4xl4_7kw94k978ww0000gn/T//cc9OBmRQ.s:89     .text.HAL_TIM_Base_MspInit:0000000000000000 $t
/var/folders/0z/tsy30v1j4xl4_7kw94k978ww0000gn/T//cc9OBmRQ.s:95     .text.HAL_TIM_Base_MspInit:0000000000000000 HAL_TIM_Base_MspInit
/var/folders/0z/tsy30v1j4xl4_7kw94k978ww0000gn/T//cc9OBmRQ.s:140    .text.HAL_TIM_Base_MspInit:0000000000000028 $d
/var/folders/0z/tsy30v1j4xl4_7kw94k978ww0000gn/T//cc9OBmRQ.s:145    .text.HAL_TIM_Base_MspDeInit:0000000000000000 $t
/var/folders/0z/tsy30v1j4xl4_7kw94k978ww0000gn/T//cc9OBmRQ.s:151    .text.HAL_TIM_Base_MspDeInit:0000000000000000 HAL_TIM_Base_MspDeInit
/var/folders/0z/tsy30v1j4xl4_7kw94k978ww0000gn/T//cc9OBmRQ.s:179    .text.HAL_TIM_Base_MspDeInit:0000000000000018 $d
/var/folders/0z/tsy30v1j4xl4_7kw94k978ww0000gn/T//cc9OBmRQ.s:184    .text.HAL_UART_MspInit:0000000000000000 $t
/var/folders/0z/tsy30v1j4xl4_7kw94k978ww0000gn/T//cc9OBmRQ.s:190    .text.HAL_UART_MspInit:0000000000000000 HAL_UART_MspInit
/var/folders/0z/tsy30v1j4xl4_7kw94k978ww0000gn/T//cc9OBmRQ.s:333    .text.HAL_UART_MspInit:0000000000000090 $d
/var/folders/0z/tsy30v1j4xl4_7kw94k978ww0000gn/T//cc9OBmRQ.s:340    .text.HAL_UART_MspDeInit:0000000000000000 $t
/var/folders/0z/tsy30v1j4xl4_7kw94k978ww0000gn/T//cc9OBmRQ.s:346    .text.HAL_UART_MspDeInit:0000000000000000 HAL_UART_MspDeInit
/var/folders/0z/tsy30v1j4xl4_7kw94k978ww0000gn/T//cc9OBmRQ.s:393    .text.HAL_UART_MspDeInit:000000000000002c $d

UNDEFINED SYMBOLS
HAL_NVIC_SetPriorityGrouping
HAL_GPIO_Init
HAL_GPIO_DeInit
